============================= test session starts =============================
platform win32 -- Python 3.11.0rc2, pytest-9.0.3, pluggy-1.6.0
benchmark: 5.2.3 (defaults: timer=time.perf_counter disable_gc=False min_rounds=5 min_time=0.000005 max_time=1.0 calibration_precision=10 warmup=False warmup_iterations=100000)
rootdir: C:\Users\Lenovo\Desktop\鐏靛鍒堕€狅紙涓婄嚎鐗堬級
configfile: pytest.ini
plugins: anyio-4.13.0, Faker-40.15.0, langsmith-0.8.4, asyncio-1.3.0, benchmark-5.2.3, cov-4.1.0, html-4.2.0, metadata-3.1.1, mock-3.15.1, respx-0.23.1, typeguard-4.5.2
asyncio: mode=Mode.STRICT, debug=False, asyncio_default_fixture_loop_scope=None, asyncio_default_test_loop_scope=function
collected 2949 items

tests\api\test_agent_gateway.py EEEEEEEEEEEEEEEEE                        [  0%]
tests\api\test_auth_endpoints.py ..................F                     [  1%]
tests\api\test_auth_register.py ...............                          [  1%]
tests\api\test_jobs.py EEEEEEEEEEEEE                                     [  2%]
tests\api\test_lnn.py EEEEEEEEEEEEEEEEEEE                                [  2%]
tests\api\test_main_routes.py EEEEEEEEEEEEEEEEEE                         [  3%]
tests\api\test_ollama.py EE                                              [  3%]
tests\api\test_rag.py EEEEEE                                             [  3%]
tests\api\test_user_sovereignty.py EEEEEEEEEEEEEEE                       [  4%]
tests\api\test_wear_prediction.py EEEEEEEEEEE                            [  4%]
tests\ijepa_3d\test_3d_reconstruction_accuracy.py EEEEEE...              [  4%]
tests\ijepa_3d\test_feature_point_detection.py EEEEEE...                 [  5%]
tests\ijepa_3d\test_few_shot_learning.py .EEEEEE..                       [  5%]
tests\ijepa_3d\test_occlusion_robustness.py FFEEE..                      [  5%]
tests\integration\test_e2e_latency.py .s.....ss..                        [  6%]
tests\integration\test_fault_recovery.py ........sss                     [  6%]
tests\integration\test_machining_workflow.py .....F.......               [  6%]
tests\integration\test_resource_usage.py ........                        [  7%]
tests\integration\test_scenario1_3view_to_nc.py s.ss..ss.s....ss......   [  7%]
tests\integration\test_scenario2_realtime_monitoring.py ......s.s....... [  8%]
...                                                                      [  8%]
tests\integration\test_scenario3_process_consultation.py ss.........s..s [  9%]
..                                                                       [  9%]
tests\integration\test_success_rate.py ...........                       [  9%]
tests\integration\test_unified_embedding.py ........                     [  9%]
tests\lnn\test_lnn_benchmark.py FFF                                      [  9%]
tests\lnn\test_lnn_convergence.py FFF                                    [ 10%]
tests\lnn\test_lnn_cross_validation.py FFF                               [ 10%]
tests\lnn\test_prediction_distribution.py FFF                            [ 10%]
tests\lnn\test_residual_analysis.py FFF                                  [ 10%]
tests\process_understanding\test_knowledge_retrieval.py ..............   [ 10%]
tests\process_understanding\test_llm_consistency.py ........             [ 11%]
tests\process_understanding\test_llm_response_time.py ..........         [ 11%]
tests\process_understanding\test_solution_quality.py ............        [ 11%]
tests\process_understanding\test_task_classification.py ..........       [ 12%]
tests\regression\test_gcode_baseline.py ...FF.......FFFF                 [ 12%]
tests\rules\test_rule_audit_logging.py .........                         [ 12%]
tests\rules\test_rule_boundary_conditions.py ......................      [ 13%]
tests\rules\test_rule_conflict_detection.py .....                        [ 13%]
tests\rules\test_rule_coverage.py ..........                             [ 14%]
tests\rules\test_rule_response_time.py ....                              [ 14%]
tests\rules\test_safety_expression_evaluator.py ........................ [ 15%]
........................................................................ [ 17%]
............................                                             [ 18%]
tests\test_agent_persistence.py ........................................ [ 19%]
........                                                                 [ 20%]
tests\test_alignment_loss.py FFFFFFFFFFFFFFFFF.....F...F..               [ 21%]
tests\test_async_task_system.py .........FFFFF.....F...F....             [ 22%]
tests\test_atomic_checkout.py .......................................... [ 23%]
.........                                                                [ 23%]
tests\test_attention_visualization.py FFFFFFFFFFFFFEEEEEEEEE             [ 24%]
tests\test_benchmarks.py ...................................             [ 25%]
tests\test_conflict_detector.py ........................                 [ 26%]
tests\test_core_utils.py ..................................              [ 27%]
tests\test_cors_config.py .......................................        [ 29%]
tests\test_counterfactual_reasoning.py EEEEEEE.                          [ 29%]
tests\test_data_edge_cases.py ....................................       [ 30%]
tests\test_data_pipeline_integrity.py ....................FF.            [ 31%]
tests\test_data_split.py ...............                                 [ 31%]
tests\test_database.py .........F....................................... [ 33%]
.                                                                        [ 33%]
tests\test_dataset_cache.py ................................             [ 34%]
tests\test_dxf_module.py ..............................                  [ 35%]
tests\test_error_handling_e2e.py ............                            [ 36%]
tests\test_error_taxonomy.py ........................................... [ 37%]
..................F...F......F.                                          [ 38%]
tests\test_exception_handlers.py ............................            [ 39%]
tests\test_exceptions.py .........................................       [ 40%]
tests\test_experience_store.py ......................................... [ 42%]
...                                                                      [ 42%]
tests\test_functional_scenarios.py ...........                           [ 42%]
tests\test_fusion_ablation.py EEEEEEEE                                   [ 43%]
tests\test_fusion_quality.py EEEEEEE                                     [ 43%]
tests\test_goal_alignment_system.py .................................... [ 44%]
.....                                                                    [ 44%]
tests\test_goal_chain_functionality.py ..........................        [ 45%]
tests\test_gpu_budget_system.py ..............................           [ 46%]
tests\test_heartbeat_system.py FFFFFFFF                                  [ 46%]
tests\test_input_validator.py .......................................... [ 48%]
....................................................................     [ 50%]
tests\test_json_repository.py ...F...................................    [ 51%]
tests\test_log_sanitizer.py ..............F......F...............F.      [ 53%]
tests\test_logging_config.py ..F...FFFFFFFFF....                         [ 53%]
tests\test_model_benchmark.py FFFFF..                                    [ 54%]
tests\test_model_cache.py EEEEEEEEEEEEEEEEEEEEEEEEEEEEE                  [ 55%]
tests\test_models_validation.py ........................................ [ 56%]
...........................                                              [ 57%]
tests\test_multi_step_planning.py EEEEEEEEEEE                            [ 57%]
tests\test_perf_benchmark.py ................F....................FFF    [ 59%]
tests\test_permission_enforced.py ...................................... [ 60%]
................                                                         [ 60%]
tests\test_permissions.py ..........F...F........................F.      [ 62%]
tests\test_pipeline_performance.py ....F......F.                         [ 62%]
tests\test_planning_efficiency.py EEEEEE                                 [ 62%]
tests\test_planning_robustness.py .EEEEEEE                               [ 63%]
tests\test_postprocessor.py .F..F.F.......FF..F..F....F.........FFF..... [ 64%]
..F.F.......FFF...F....F..F....FF.F...........FFFF.F                     [ 66%]
tests\test_process_planning.py ......................................    [ 67%]
tests\test_project_management.py ..................................      [ 68%]
tests\test_rbac_permissions.py ...............................FFFF..FF.. [ 70%]
..                                                                       [ 70%]
tests\test_request_id.py ................                                [ 70%]
tests\test_response.py ......F............................               [ 72%]
tests\test_rule_api.py ......................                            [ 72%]
tests\test_rule_editor.py ......................................         [ 74%]
tests\test_simulation.py ........................F.F.........F......     [ 75%]
tests\test_skill_injection.py .......................................... [ 77%]
.....................                                                    [ 77%]
tests\test_skill_injection_functional.py ............................... [ 78%]
.......                                                                  [ 79%]
tests\test_sse_training.py .....................                         [ 79%]
tests\test_step_import.py ...........................................F.. [ 81%]
.........                                                                [ 81%]
tests\test_step_import_e2e.py FFEF                                       [ 81%]
tests\test_voxel_simulation.py ......................................... [ 83%]
..........                                                               [ 83%]
tests\test_workflow_and_config.py ...................................... [ 84%]
............................                                             [ 85%]
tests\test_world_model_single_step.py ..EEEEEE..                         [ 86%]
tests\unit\test_audit_log.py .................                           [ 86%]
tests\unit\test_cross_layer_retrieval.py ............                    [ 87%]
tests\unit\test_embedding_consistency.py ................                [ 87%]
tests\unit\test_geometry_operations.py .........................         [ 88%]
tests\unit\test_interface_contract.py .................................. [ 89%]
.................                                                        [ 90%]
tests\unit\test_middleware_benchmark.py ......                           [ 90%]
tests\unit\test_models.py .................                              [ 90%]
tests\unit\test_postprocessor.py ......FFFF.....FF.FFFFF.....FF.FFF.FF.. [ 92%]
..FFF                                                                    [ 92%]
tests\unit\test_response.py .........                                    [ 92%]
tests\unit\test_ring_buffer.py ..................                        [ 93%]
tests\unit\test_security_headers_middleware.py .......                   [ 93%]
tests\unit\test_unified_auth_access_log.py ..........                    [ 93%]
tests\unit\test_unified_auth_helpers.py ...F............................ [ 95%]
.........................................                                [ 96%]
tests\unit\test_unified_auth_middleware.py ............................. [ 97%]
...                                                                      [ 97%]
tests\validation\test_validation.py .................................... [ 98%]
......................................                                   [100%]

=================================== ERRORS ====================================
________ ERROR at setup of TestAgentHealth.test_health_returns_healthy ________
file C:\Users\Lenovo\Desktop\鐏靛鍒堕€狅紙涓婄嚎鐗堬級\python\tests\api\test_agent_gateway.py, line 9
      def test_health_returns_healthy(self, client):
E       fixture 'client' not found
>       available fixtures: _class_scoped_runner, _env_setup, _function_scoped_runner, _module_scoped_runner, _package_scoped_runner, _session_faker, _session_scoped_runner, anomaly_sensor_stream, anyio_backend, anyio_backend_name, anyio_backend_options, benchmark, benchmark_gcode_tolerance, benchmark_weave, capfd, capfdbinary, caplog, capsys, capsysbinary, capteesys, class_mocker, cov, doctest_namespace, event_loop_policy, extra, extras, faker, free_tcp_port, free_tcp_port_factory, free_udp_port, free_udp_port_factory, high_precision_timer, include_metadata_in_junit_xml, it8_tolerance_data, machining_params_steel, machining_params_tc4, material_aluminum_6061, material_steel_45, material_tc4, metadata, mocker, module_mocker, monkeypatch, nc_validation_rules, no_cover, normal_sensor_stream, package_mocker, performance_timer, production_batch_100, pytestconfig, record_property, record_testsuite_property, record_xml_attribute, recwarn, respx_mock, risk_assessment_template, sample_circle, sample_gcode_fanuc, sample_gcode_heidenhain, sample_gcode_siemens, sample_polygon_square, sample_polygon_triangle, sample_process_card, session_mocker, standard_3view_images, subtests, temp_dir, test_report_collector, tmp_path, tmp_path_factory, tmpdir, tmpdir_factory, unused_tcp_port, unused_tcp_port_factory, unused_udp_port, unused_udp_port_factory
>       use 'pytest --fixtures [testpath]' for help on them.

C:\Users\Lenovo\Desktop\鐏靛鍒堕€狅紙涓婄嚎鐗堬級\python\tests\api\test_agent_gateway.py:9
_ ERROR at setup of TestAgentHealth.test_health_models_registered_is_non_negative _
file C:\Users\Lenovo\Desktop\鐏靛鍒堕€狅紙涓婄嚎鐗堬級\python\tests\api\test_agent_gateway.py, line 17
      def test_health_models_registered_is_non_negative(self, client):
E       fixture 'client' not found
>       available fixtures: _class_scoped_runner, _env_setup, _function_scoped_runner, _module_scoped_runner, _package_scoped_runner, _session_faker, _session_scoped_runner, anomaly_sensor_stream, anyio_backend, anyio_backend_name, anyio_backend_options, benchmark, benchmark_gcode_tolerance, benchmark_weave, capfd, capfdbinary, caplog, capsys, capsysbinary, capteesys, class_mocker, cov, doctest_namespace, event_loop_policy, extra, extras, faker, free_tcp_port, free_tcp_port_factory, free_udp_port, free_udp_port_factory, high_precision_timer, include_metadata_in_junit_xml, it8_tolerance_data, machining_params_steel, machining_params_tc4, material_aluminum_6061, material_steel_45, material_tc4, metadata, mocker, module_mocker, monkeypatch, nc_validation_rules, no_cover, normal_sensor_stream, package_mocker, performance_timer, production_batch_100, pytestconfig, record_property, record_testsuite_property, record_xml_attribute, recwarn, respx_mock, risk_assessment_template, sample_circle, sample_gcode_fanuc, sample_gcode_heidenhain, sample_gcode_siemens, sample_polygon_square, sample_polygon_triangle, sample_process_card, session_mocker, standard_3view_images, subtests, temp_dir, test_report_collector, tmp_path, tmp_path_factory, tmpdir, tmpdir_factory, unused_tcp_port, unused_tcp_port_factory, unused_udp_port, unused_udp_port_factory
>       use 'pytest --fixtures [testpath]' for help on them.

C:\Users\Lenovo\Desktop\鐏靛鍒堕€狅紙涓婄嚎鐗堬級\python\tests\api\test_agent_gateway.py:17
_____ ERROR at setup of TestAgentModels.test_list_models_returns_success ______
file C:\Users\Lenovo\Desktop\鐏靛鍒堕€狅紙涓婄嚎鐗堬級\python\tests\api\test_agent_gateway.py, line 26
      def test_list_models_returns_success(self, client):
E       fixture 'client' not found
>       available fixtures: _class_scoped_runner, _env_setup, _function_scoped_runner, _module_scoped_runner, _package_scoped_runner, _session_faker, _session_scoped_runner, anomaly_sensor_stream, anyio_backend, anyio_backend_name, anyio_backend_options, benchmark, benchmark_gcode_tolerance, benchmark_weave, capfd, capfdbinary, caplog, capsys, capsysbinary, capteesys, class_mocker, cov, doctest_namespace, event_loop_policy, extra, extras, faker, free_tcp_port, free_tcp_port_factory, free_udp_port, free_udp_port_factory, high_precision_timer, include_metadata_in_junit_xml, it8_tolerance_data, machining_params_steel, machining_params_tc4, material_aluminum_6061, material_steel_45, material_tc4, metadata, mocker, module_mocker, monkeypatch, nc_validation_rules, no_cover, normal_sensor_stream, package_mocker, performance_timer, production_batch_100, pytestconfig, record_property, record_testsuite_property, record_xml_attribute, recwarn, respx_mock, risk_assessment_template, sample_circle, sample_gcode_fanuc, sample_gcode_heidenhain, sample_gcode_siemens, sample_polygon_square, sample_polygon_triangle, sample_process_card, session_mocker, standard_3view_images, subtests, temp_dir, test_report_collector, tmp_path, tmp_path_factory, tmpdir, tmpdir_factory, unused_tcp_port, unused_tcp_port_factory, unused_udp_port, unused_udp_port_factory
>       use 'pytest --fixtures [testpath]' for help on them.

C:\Users\Lenovo\Desktop\鐏靛鍒堕€狅紙涓婄嚎鐗堬級\python\tests\api\test_agent_gateway.py:26
______ ERROR at setup of TestAgentModels.test_list_models_total_matches _______
file C:\Users\Lenovo\Desktop\鐏靛鍒堕€狅紙涓婄嚎鐗堬級\python\tests\api\test_agent_gateway.py, line 35
      def test_list_models_total_matches(self, client):
E       fixture 'client' not found
>       available fixtures: _class_scoped_runner, _env_setup, _function_scoped_runner, _module_scoped_runner, _package_scoped_runner, _session_faker, _session_scoped_runner, anomaly_sensor_stream, anyio_backend, anyio_backend_name, anyio_backend_options, benchmark, benchmark_gcode_tolerance, benchmark_weave, capfd, capfdbinary, caplog, capsys, capsysbinary, capteesys, class_mocker, cov, doctest_namespace, event_loop_policy, extra, extras, faker, free_tcp_port, free_tcp_port_factory, free_udp_port, free_udp_port_factory, high_precision_timer, include_metadata_in_junit_xml, it8_tolerance_data, machining_params_steel, machining_params_tc4, material_aluminum_6061, material_steel_45, material_tc4, metadata, mocker, module_mocker, monkeypatch, nc_validation_rules, no_cover, normal_sensor_stream, package_mocker, performance_timer, production_batch_100, pytestconfig, record_property, record_testsuite_property, record_xml_attribute, recwarn, respx_mock, risk_assessment_template, sample_circle, sample_gcode_fanuc, sample_gcode_heidenhain, sample_gcode_siemens, sample_polygon_square, sample_polygon_triangle, sample_process_card, session_mocker, standard_3view_images, subtests, temp_dir, test_report_collector, tmp_path, tmp_path_factory, tmpdir, tmpdir_factory, unused_tcp_port, unused_tcp_port_factory, unused_udp_port, unused_udp_port_factory
>       use 'pytest --fixtures [testpath]' for help on them.

C:\Users\Lenovo\Desktop\鐏靛鍒堕€狅紙涓婄嚎鐗堬級\python\tests\api\test_agent_gateway.py:35
_ ERROR at setup of TestAgentModelInfo.test_nonexistent_model_returns_not_found _
file C:\Users\Lenovo\Desktop\鐏靛鍒堕€狅紙涓婄嚎鐗堬級\python\tests\api\test_agent_gateway.py, line 44
      def test_nonexistent_model_returns_not_found(self, client):
E       fixture 'client' not found
>       available fixtures: _class_scoped_runner, _env_setup, _function_scoped_runner, _module_scoped_runner, _package_scoped_runner, _session_faker, _session_scoped_runner, anomaly_sensor_stream, anyio_backend, anyio_backend_name, anyio_backend_options, benchmark, benchmark_gcode_tolerance, benchmark_weave, capfd, capfdbinary, caplog, capsys, capsysbinary, capteesys, class_mocker, cov, doctest_namespace, event_loop_policy, extra, extras, faker, free_tcp_port, free_tcp_port_factory, free_udp_port, free_udp_port_factory, high_precision_timer, include_metadata_in_junit_xml, it8_tolerance_data, machining_params_steel, machining_params_tc4, material_aluminum_6061, material_steel_45, material_tc4, metadata, mocker, module_mocker, monkeypatch, nc_validation_rules, no_cover, normal_sensor_stream, package_mocker, performance_timer, production_batch_100, pytestconfig, record_property, record_testsuite_property, record_xml_attribute, recwarn, respx_mock, risk_assessment_template, sample_circle, sample_gcode_fanuc, sample_gcode_heidenhain, sample_gcode_siemens, sample_polygon_square, sample_polygon_triangle, sample_process_card, session_mocker, standard_3view_images, subtests, temp_dir, test_report_collector, tmp_path, tmp_path_factory, tmpdir, tmpdir_factory, unused_tcp_port, unused_tcp_port_factory, unused_udp_port, unused_udp_port_factory
>       use 'pytest --fixtures [testpath]' for help on them.

C:\Users\Lenovo\Desktop\鐏靛鍒堕€狅紙涓婄嚎鐗堬級\python\tests\api\test_agent_gateway.py:44
_ ERROR at setup of TestAgentPredict.test_predict_nonexistent_model_returns_not_found _
file C:\Users\Lenovo\Desktop\鐏靛鍒堕€狅紙涓婄嚎鐗堬級\python\tests\api\test_agent_gateway.py, line 54
      def test_predict_nonexistent_model_returns_not_found(self, client):
E       fixture 'client' not found
>       available fixtures: _class_scoped_runner, _env_setup, _function_scoped_runner, _module_scoped_runner, _package_scoped_runner, _session_faker, _session_scoped_runner, anomaly_sensor_stream, anyio_backend, anyio_backend_name, anyio_backend_options, benchmark, benchmark_gcode_tolerance, benchmark_weave, capfd, capfdbinary, caplog, capsys, capsysbinary, capteesys, class_mocker, cov, doctest_namespace, event_loop_policy, extra, extras, faker, free_tcp_port, free_tcp_port_factory, free_udp_port, free_udp_port_factory, high_precision_timer, include_metadata_in_junit_xml, it8_tolerance_data, machining_params_steel, machining_params_tc4, material_aluminum_6061, material_steel_45, material_tc4, metadata, mocker, module_mocker, monkeypatch, nc_validation_rules, no_cover, normal_sensor_stream, package_mocker, performance_timer, production_batch_100, pytestconfig, record_property, record_testsuite_property, record_xml_attribute, recwarn, respx_mock, risk_assessment_template, sample_circle, sample_gcode_fanuc, sample_gcode_heidenhain, sample_gcode_siemens, sample_polygon_square, sample_polygon_triangle, sample_process_card, session_mocker, standard_3view_images, subtests, temp_dir, test_report_collector, tmp_path, tmp_path_factory, tmpdir, tmpdir_factory, unused_tcp_port, unused_tcp_port_factory, unused_udp_port, unused_udp_port_factory
>       use 'pytest --fixtures [testpath]' for help on them.

C:\Users\Lenovo\Desktop\鐏靛鍒堕€狅紙涓婄嚎鐗堬級\python\tests\api\test_agent_gateway.py:54
__ ERROR at setup of TestAgentPredict.test_predict_empty_input_returns_error __
file C:\Users\Lenovo\Desktop\鐏靛鍒堕€狅紙涓婄嚎鐗堬級\python\tests\api\test_agent_gateway.py, line 64
      def test_predict_empty_input_returns_error(self, client):
E       fixture 'client' not found
>       available fixtures: _class_scoped_runner, _env_setup, _function_scoped_runner, _module_scoped_runner, _package_scoped_runner, _session_faker, _session_scoped_runner, anomaly_sensor_stream, anyio_backend, anyio_backend_name, anyio_backend_options, benchmark, benchmark_gcode_tolerance, benchmark_weave, capfd, capfdbinary, caplog, capsys, capsysbinary, capteesys, class_mocker, cov, doctest_namespace, event_loop_policy, extra, extras, faker, free_tcp_port, free_tcp_port_factory, free_udp_port, free_udp_port_factory, high_precision_timer, include_metadata_in_junit_xml, it8_tolerance_data, machining_params_steel, machining_params_tc4, material_aluminum_6061, material_steel_45, material_tc4, metadata, mocker, module_mocker, monkeypatch, nc_validation_rules, no_cover, normal_sensor_stream, package_mocker, performance_timer, production_batch_100, pytestconfig, record_property, record_testsuite_property, record_xml_attribute, recwarn, respx_mock, risk_assessment_template, sample_circle, sample_gcode_fanuc, sample_gcode_heidenhain, sample_gcode_siemens, sample_polygon_square, sample_polygon_triangle, sample_process_card, session_mocker, standard_3view_images, subtests, temp_dir, test_report_collector, tmp_path, tmp_path_factory, tmpdir, tmpdir_factory, unused_tcp_port, unused_tcp_port_factory, unused_udp_port, unused_udp_port_factory
>       use 'pytest --fixtures [testpath]' for help on them.

C:\Users\Lenovo\Desktop\鐏靛鍒堕€狅紙涓婄嚎鐗堬級\python\tests\api\test_agent_gateway.py:64
_ ERROR at setup of TestAgentPredict.test_predict_non_numeric_input_returns_error _
file C:\Users\Lenovo\Desktop\鐏靛鍒堕€狅紙涓婄嚎鐗堬級\python\tests\api\test_agent_gateway.py, line 74
      def test_predict_non_numeric_input_returns_error(self, client):
E       fixture 'client' not found
>       available fixtures: _class_scoped_runner, _env_setup, _function_scoped_runner, _module_scoped_runner, _package_scoped_runner, _session_faker, _session_scoped_runner, anomaly_sensor_stream, anyio_backend, anyio_backend_name, anyio_backend_options, benchmark, benchmark_gcode_tolerance, benchmark_weave, capfd, capfdbinary, caplog, capsys, capsysbinary, capteesys, class_mocker, cov, doctest_namespace, event_loop_policy, extra, extras, faker, free_tcp_port, free_tcp_port_factory, free_udp_port, free_udp_port_factory, high_precision_timer, include_metadata_in_junit_xml, it8_tolerance_data, machining_params_steel, machining_params_tc4, material_aluminum_6061, material_steel_45, material_tc4, metadata, mocker, module_mocker, monkeypatch, nc_validation_rules, no_cover, normal_sensor_stream, package_mocker, performance_timer, production_batch_100, pytestconfig, record_property, record_testsuite_property, record_xml_attribute, recwarn, respx_mock, risk_assessment_template, sample_circle, sample_gcode_fanuc, sample_gcode_heidenhain, sample_gcode_siemens, sample_polygon_square, sample_polygon_triangle, sample_process_card, session_mocker, standard_3view_images, subtests, temp_dir, test_report_collector, tmp_path, tmp_path_factory, tmpdir, tmpdir_factory, unused_tcp_port, unused_tcp_port_factory, unused_udp_port, unused_udp_port_factory
>       use 'pytest --fixtures [testpath]' for help on them.

C:\Users\Lenovo\Desktop\鐏靛鍒堕€狅紙涓婄嚎鐗堬級\python\tests\api\test_agent_gateway.py:74
__ ERROR at setup of TestAgentPredict.test_predict_missing_field_returns_422 __
file C:\Users\Lenovo\Desktop\鐏靛鍒堕€狅紙涓婄嚎鐗堬級\python\tests\api\test_agent_gateway.py, line 85
      def test_predict_missing_field_returns_422(self, client):
E       fixture 'client' not found
>       available fixtures: _class_scoped_runner, _env_setup, _function_scoped_runner, _module_scoped_runner, _package_scoped_runner, _session_faker, _session_scoped_runner, anomaly_sensor_stream, anyio_backend, anyio_backend_name, anyio_backend_options, benchmark, benchmark_gcode_tolerance, benchmark_weave, capfd, capfdbinary, caplog, capsys, capsysbinary, capteesys, class_mocker, cov, doctest_namespace, event_loop_policy, extra, extras, faker, free_tcp_port, free_tcp_port_factory, free_udp_port, free_udp_port_factory, high_precision_timer, include_metadata_in_junit_xml, it8_tolerance_data, machining_params_steel, machining_params_tc4, material_aluminum_6061, material_steel_45, material_tc4, metadata, mocker, module_mocker, monkeypatch, nc_validation_rules, no_cover, normal_sensor_stream, package_mocker, performance_timer, production_batch_100, pytestconfig, record_property, record_testsuite_property, record_xml_attribute, recwarn, respx_mock, risk_assessment_template, sample_circle, sample_gcode_fanuc, sample_gcode_heidenhain, sample_gcode_siemens, sample_polygon_square, sample_polygon_triangle, sample_process_card, session_mocker, standard_3view_images, subtests, temp_dir, test_report_collector, tmp_path, tmp_path_factory, tmpdir, tmpdir_factory, unused_tcp_port, unused_tcp_port_factory, unused_udp_port, unused_udp_port_factory
>       use 'pytest --fixtures [testpath]' for help on them.

C:\Users\Lenovo\Desktop\鐏靛鍒堕€狅紙涓婄嚎鐗堬級\python\tests\api\test_agent_gateway.py:85
_ ERROR at setup of TestAgentTrain.test_train_missing_model_name_returns_422 __
file C:\Users\Lenovo\Desktop\鐏靛鍒堕€狅紙涓婄嚎鐗堬級\python\tests\api\test_agent_gateway.py, line 93
      def test_train_missing_model_name_returns_422(self, client):
E       fixture 'client' not found
>       available fixtures: _class_scoped_runner, _env_setup, _function_scoped_runner, _module_scoped_runner, _package_scoped_runner, _session_faker, _session_scoped_runner, anomaly_sensor_stream, anyio_backend, anyio_backend_name, anyio_backend_options, benchmark, benchmark_gcode_tolerance, benchmark_weave, capfd, capfdbinary, caplog, capsys, capsysbinary, capteesys, class_mocker, cov, doctest_namespace, event_loop_policy, extra, extras, faker, free_tcp_port, free_tcp_port_factory, free_udp_port, free_udp_port_factory, high_precision_timer, include_metadata_in_junit_xml, it8_tolerance_data, machining_params_steel, machining_params_tc4, material_aluminum_6061, material_steel_45, material_tc4, metadata, mocker, module_mocker, monkeypatch, nc_validation_rules, no_cover, normal_sensor_stream, package_mocker, performance_timer, production_batch_100, pytestconfig, record_property, record_testsuite_property, record_xml_attribute, recwarn, respx_mock, risk_assessment_template, sample_circle, sample_gcode_fanuc, sample_gcode_heidenhain, sample_gcode_siemens, sample_polygon_square, sample_polygon_triangle, sample_process_card, session_mocker, standard_3view_images, subtests, temp_dir, test_report_collector, tmp_path, tmp_path_factory, tmpdir, tmpdir_factory, unused_tcp_port, unused_tcp_port_factory, unused_udp_port, unused_udp_port_factory
>       use 'pytest --fixtures [testpath]' for help on them.

C:\Users\Lenovo\Desktop\鐏靛鍒堕€狅紙涓婄嚎鐗堬級\python\tests\api\test_agent_gateway.py:93
_ ERROR at setup of TestAgentGetTrain.test_get_nonexistent_job_returns_not_found _
file C:\Users\Lenovo\Desktop\鐏靛鍒堕€狅紙涓婄嚎鐗堬級\python\tests\api\test_agent_gateway.py, line 101
      def test_get_nonexistent_job_returns_not_found(self, client):
E       fixture 'client' not found
>       available fixtures: _class_scoped_runner, _env_setup, _function_scoped_runner, _module_scoped_runner, _package_scoped_runner, _session_faker, _session_scoped_runner, anomaly_sensor_stream, anyio_backend, anyio_backend_name, anyio_backend_options, benchmark, benchmark_gcode_tolerance, benchmark_weave, capfd, capfdbinary, caplog, capsys, capsysbinary, capteesys, class_mocker, cov, doctest_namespace, event_loop_policy, extra, extras, faker, free_tcp_port, free_tcp_port_factory, free_udp_port, free_udp_port_factory, high_precision_timer, include_metadata_in_junit_xml, it8_tolerance_data, machining_params_steel, machining_params_tc4, material_aluminum_6061, material_steel_45, material_tc4, metadata, mocker, module_mocker, monkeypatch, nc_validation_rules, no_cover, normal_sensor_stream, package_mocker, performance_timer, production_batch_100, pytestconfig, record_property, record_testsuite_property, record_xml_attribute, recwarn, respx_mock, risk_assessment_template, sample_circle, sample_gcode_fanuc, sample_gcode_heidenhain, sample_gcode_siemens, sample_polygon_square, sample_polygon_triangle, sample_process_card, session_mocker, standard_3view_images, subtests, temp_dir, test_report_collector, tmp_path, tmp_path_factory, tmpdir, tmpdir_factory, unused_tcp_port, unused_tcp_port_factory, unused_udp_port, unused_udp_port_factory
>       use 'pytest --fixtures [testpath]' for help on them.

C:\Users\Lenovo\Desktop\鐏靛鍒堕€狅紙涓婄嚎鐗堬級\python\tests\api\test_agent_gateway.py:101
_ ERROR at setup of TestAgentExecute.test_execute_missing_params_returns_422 __
file C:\Users\Lenovo\Desktop\鐏靛鍒堕€狅紙涓婄嚎鐗堬級\python\tests\api\test_agent_gateway.py, line 111
      def test_execute_missing_params_returns_422(self, client):
E       fixture 'client' not found
>       available fixtures: _class_scoped_runner, _env_setup, _function_scoped_runner, _module_scoped_runner, _package_scoped_runner, _session_faker, _session_scoped_runner, anomaly_sensor_stream, anyio_backend, anyio_backend_name, anyio_backend_options, benchmark, benchmark_gcode_tolerance, benchmark_weave, capfd, capfdbinary, caplog, capsys, capsysbinary, capteesys, class_mocker, cov, doctest_namespace, event_loop_policy, extra, extras, faker, free_tcp_port, free_tcp_port_factory, free_udp_port, free_udp_port_factory, high_precision_timer, include_metadata_in_junit_xml, it8_tolerance_data, machining_params_steel, machining_params_tc4, material_aluminum_6061, material_steel_45, material_tc4, metadata, mocker, module_mocker, monkeypatch, nc_validation_rules, no_cover, normal_sensor_stream, package_mocker, performance_timer, production_batch_100, pytestconfig, record_property, record_testsuite_property, record_xml_attribute, recwarn, respx_mock, risk_assessment_template, sample_circle, sample_gcode_fanuc, sample_gcode_heidenhain, sample_gcode_siemens, sample_polygon_square, sample_polygon_triangle, sample_process_card, session_mocker, standard_3view_images, subtests, temp_dir, test_report_collector, tmp_path, tmp_path_factory, tmpdir, tmpdir_factory, unused_tcp_port, unused_tcp_port_factory, unused_udp_port, unused_udp_port_factory
>       use 'pytest --fixtures [testpath]' for help on them.

C:\Users\Lenovo\Desktop\鐏靛鍒堕€狅紙涓婄嚎鐗堬級\python\tests\api\test_agent_gateway.py:111
_______ ERROR at setup of TestAgentAudit.test_audit_log_returns_success _______
file C:\Users\Lenovo\Desktop\鐏靛鍒堕€狅紙涓婄嚎鐗堬級\python\tests\api\test_agent_gateway.py, line 119
      def test_audit_log_returns_success(self, client):
E       fixture 'client' not found
>       available fixtures: _class_scoped_runner, _env_setup, _function_scoped_runner, _module_scoped_runner, _package_scoped_runner, _session_faker, _session_scoped_runner, anomaly_sensor_stream, anyio_backend, anyio_backend_name, anyio_backend_options, benchmark, benchmark_gcode_tolerance, benchmark_weave, capfd, capfdbinary, caplog, capsys, capsysbinary, capteesys, class_mocker, cov, doctest_namespace, event_loop_policy, extra, extras, faker, free_tcp_port, free_tcp_port_factory, free_udp_port, free_udp_port_factory, high_precision_timer, include_metadata_in_junit_xml, it8_tolerance_data, machining_params_steel, machining_params_tc4, material_aluminum_6061, material_steel_45, material_tc4, metadata, mocker, module_mocker, monkeypatch, nc_validation_rules, no_cover, normal_sensor_stream, package_mocker, performance_timer, production_batch_100, pytestconfig, record_property, record_testsuite_property, record_xml_attribute, recwarn, respx_mock, risk_assessment_template, sample_circle, sample_gcode_fanuc, sample_gcode_heidenhain, sample_gcode_siemens, sample_polygon_square, sample_polygon_triangle, sample_process_card, session_mocker, standard_3view_images, subtests, temp_dir, test_report_collector, tmp_path, tmp_path_factory, tmpdir, tmpdir_factory, unused_tcp_port, unused_tcp_port_factory, unused_udp_port, unused_udp_port_factory
>       use 'pytest --fixtures [testpath]' for help on them.

C:\Users\Lenovo\Desktop\鐏靛鍒堕€狅紙涓婄嚎鐗堬級\python\tests\api\test_agent_gateway.py:119
_____ ERROR at setup of TestAgentTokens.test_list_tokens_returns_success ______
file C:\Users\Lenovo\Desktop\鐏靛鍒堕€狅紙涓婄嚎鐗堬級\python\tests\api\test_agent_gateway.py, line 129
      def test_list_tokens_returns_success(self, client):
E       fixture 'client' not found
>       available fixtures: _class_scoped_runner, _env_setup, _function_scoped_runner, _module_scoped_runner, _package_scoped_runner, _session_faker, _session_scoped_runner, anomaly_sensor_stream, anyio_backend, anyio_backend_name, anyio_backend_options, benchmark, benchmark_gcode_tolerance, benchmark_weave, capfd, capfdbinary, caplog, capsys, capsysbinary, capteesys, class_mocker, cov, doctest_namespace, event_loop_policy, extra, extras, faker, free_tcp_port, free_tcp_port_factory, free_udp_port, free_udp_port_factory, high_precision_timer, include_metadata_in_junit_xml, it8_tolerance_data, machining_params_steel, machining_params_tc4, material_aluminum_6061, material_steel_45, material_tc4, metadata, mocker, module_mocker, monkeypatch, nc_validation_rules, no_cover, normal_sensor_stream, package_mocker, performance_timer, production_batch_100, pytestconfig, record_property, record_testsuite_property, record_xml_attribute, recwarn, respx_mock, risk_assessment_template, sample_circle, sample_gcode_fanuc, sample_gcode_heidenhain, sample_gcode_siemens, sample_polygon_square, sample_polygon_triangle, sample_process_card, session_mocker, standard_3view_images, subtests, temp_dir, test_report_collector, tmp_path, tmp_path_factory, tmpdir, tmpdir_factory, unused_tcp_port, unused_tcp_port_factory, unused_udp_port, unused_udp_port_factory
>       use 'pytest --fixtures [testpath]' for help on them.

C:\Users\Lenovo\Desktop\鐏靛鍒堕€狅紙涓婄嚎鐗堬級\python\tests\api\test_agent_gateway.py:129
_ ERROR at setup of TestAgentTokens.test_create_token_missing_fields_returns_422 _
file C:\Users\Lenovo\Desktop\鐏靛鍒堕€狅紙涓婄嚎鐗堬級\python\tests\api\test_agent_gateway.py, line 135
      def test_create_token_missing_fields_returns_422(self, client):
E       fixture 'client' not found
>       available fixtures: _class_scoped_runner, _env_setup, _function_scoped_runner, _module_scoped_runner, _package_scoped_runner, _session_faker, _session_scoped_runner, anomaly_sensor_stream, anyio_backend, anyio_backend_name, anyio_backend_options, benchmark, benchmark_gcode_tolerance, benchmark_weave, capfd, capfdbinary, caplog, capsys, capsysbinary, capteesys, class_mocker, cov, doctest_namespace, event_loop_policy, extra, extras, faker, free_tcp_port, free_tcp_port_factory, free_udp_port, free_udp_port_factory, high_precision_timer, include_metadata_in_junit_xml, it8_tolerance_data, machining_params_steel, machining_params_tc4, material_aluminum_6061, material_steel_45, material_tc4, metadata, mocker, module_mocker, monkeypatch, nc_validation_rules, no_cover, normal_sensor_stream, package_mocker, performance_timer, production_batch_100, pytestconfig, record_property, record_testsuite_property, record_xml_attribute, recwarn, respx_mock, risk_assessment_template, sample_circle, sample_gcode_fanuc, sample_gcode_heidenhain, sample_gcode_siemens, sample_polygon_square, sample_polygon_triangle, sample_process_card, session_mocker, standard_3view_images, subtests, temp_dir, test_report_collector, tmp_path, tmp_path_factory, tmpdir, tmpdir_factory, unused_tcp_port, unused_tcp_port_factory, unused_udp_port, unused_udp_port_factory
>       use 'pytest --fixtures [testpath]' for help on them.

C:\Users\Lenovo\Desktop\鐏靛鍒堕€狅紙涓婄嚎鐗堬級\python\tests\api\test_agent_gateway.py:135
_ ERROR at setup of TestAgentTokens.test_delete_nonexistent_token_returns_error _
file C:\Users\Lenovo\Desktop\鐏靛鍒堕€狅紙涓婄嚎鐗堬級\python\tests\api\test_agent_gateway.py, line 139
      def test_delete_nonexistent_token_returns_error(self, client):
E       fixture 'client' not found
>       available fixtures: _class_scoped_runner, _env_setup, _function_scoped_runner, _module_scoped_runner, _package_scoped_runner, _session_faker, _session_scoped_runner, anomaly_sensor_stream, anyio_backend, anyio_backend_name, anyio_backend_options, benchmark, benchmark_gcode_tolerance, benchmark_weave, capfd, capfdbinary, caplog, capsys, capsysbinary, capteesys, class_mocker, cov, doctest_namespace, event_loop_policy, extra, extras, faker, free_tcp_port, free_tcp_port_factory, free_udp_port, free_udp_port_factory, high_precision_timer, include_metadata_in_junit_xml, it8_tolerance_data, machining_params_steel, machining_params_tc4, material_aluminum_6061, material_steel_45, material_tc4, metadata, mocker, module_mocker, monkeypatch, nc_validation_rules, no_cover, normal_sensor_stream, package_mocker, performance_timer, production_batch_100, pytestconfig, record_property, record_testsuite_property, record_xml_attribute, recwarn, respx_mock, risk_assessment_template, sample_circle, sample_gcode_fanuc, sample_gcode_heidenhain, sample_gcode_siemens, sample_polygon_square, sample_polygon_triangle, sample_process_card, session_mocker, standard_3view_images, subtests, temp_dir, test_report_collector, tmp_path, tmp_path_factory, tmpdir, tmpdir_factory, unused_tcp_port, unused_tcp_port_factory, unused_udp_port, unused_udp_port_factory
>       use 'pytest --fixtures [testpath]' for help on them.

C:\Users\Lenovo\Desktop\鐏靛鍒堕€狅紙涓婄嚎鐗堬級\python\tests\api\test_agent_gateway.py:139
______ ERROR at setup of TestAgentTokens.test_revoke_all_returns_success ______
file C:\Users\Lenovo\Desktop\鐏靛鍒堕€狅紙涓婄嚎鐗堬級\python\tests\api\test_agent_gateway.py, line 145
      def test_revoke_all_returns_success(self, client):
E       fixture 'client' not found
>       available fixtures: _class_scoped_runner, _env_setup, _function_scoped_runner, _module_scoped_runner, _package_scoped_runner, _session_faker, _session_scoped_runner, anomaly_sensor_stream, anyio_backend, anyio_backend_name, anyio_backend_options, benchmark, benchmark_gcode_tolerance, benchmark_weave, capfd, capfdbinary, caplog, capsys, capsysbinary, capteesys, class_mocker, cov, doctest_namespace, event_loop_policy, extra, extras, faker, free_tcp_port, free_tcp_port_factory, free_udp_port, free_udp_port_factory, high_precision_timer, include_metadata_in_junit_xml, it8_tolerance_data, machining_params_steel, machining_params_tc4, material_aluminum_6061, material_steel_45, material_tc4, metadata, mocker, module_mocker, monkeypatch, nc_validation_rules, no_cover, normal_sensor_stream, package_mocker, performance_timer, production_batch_100, pytestconfig, record_property, record_testsuite_property, record_xml_attribute, recwarn, respx_mock, risk_assessment_template, sample_circle, sample_gcode_fanuc, sample_gcode_heidenhain, sample_gcode_siemens, sample_polygon_square, sample_polygon_triangle, sample_process_card, session_mocker, standard_3view_images, subtests, temp_dir, test_report_collector, tmp_path, tmp_path_factory, tmpdir, tmpdir_factory, unused_tcp_port, unused_tcp_port_factory, unused_udp_port, unused_udp_port_factory
>       use 'pytest --fixtures [testpath]' for help on them.

C:\Users\Lenovo\Desktop\鐏靛鍒堕€狅紙涓婄嚎鐗堬級\python\tests\api\test_agent_gateway.py:145
________ ERROR at setup of TestJobsList.test_list_jobs_returns_success ________
file C:\Users\Lenovo\Desktop\鐏靛鍒堕€狅紙涓婄嚎鐗堬級\python\tests\api\test_jobs.py, line 9
      def test_list_jobs_returns_success(self, client):
E       fixture 'client' not found
>       available fixtures: _class_scoped_runner, _env_setup, _function_scoped_runner, _module_scoped_runner, _package_scoped_runner, _session_faker, _session_scoped_runner, anomaly_sensor_stream, anyio_backend, anyio_backend_name, anyio_backend_options, benchmark, benchmark_gcode_tolerance, benchmark_weave, capfd, capfdbinary, caplog, capsys, capsysbinary, capteesys, class_mocker, cov, doctest_namespace, event_loop_policy, extra, extras, faker, free_tcp_port, free_tcp_port_factory, free_udp_port, free_udp_port_factory, high_precision_timer, include_metadata_in_junit_xml, it8_tolerance_data, machining_params_steel, machining_params_tc4, material_aluminum_6061, material_steel_45, material_tc4, metadata, mocker, module_mocker, monkeypatch, nc_validation_rules, no_cover, normal_sensor_stream, package_mocker, performance_timer, production_batch_100, pytestconfig, record_property, record_testsuite_property, record_xml_attribute, recwarn, respx_mock, risk_assessment_template, sample_circle, sample_gcode_fanuc, sample_gcode_heidenhain, sample_gcode_siemens, sample_polygon_square, sample_polygon_triangle, sample_process_card, session_mocker, standard_3view_images, subtests, temp_dir, test_report_collector, tmp_path, tmp_path_factory, tmpdir, tmpdir_factory, unused_tcp_port, unused_tcp_port_factory, unused_udp_port, unused_udp_port_factory
>       use 'pytest --fixtures [testpath]' for help on them.

C:\Users\Lenovo\Desktop\鐏靛鍒堕€狅紙涓婄嚎鐗堬級\python\tests\api\test_jobs.py:9
_____ ERROR at setup of TestJobsList.test_list_jobs_with_valid_task_type ______
file C:\Users\Lenovo\Desktop\鐏靛鍒堕€狅紙涓婄嚎鐗堬級\python\tests\api\test_jobs.py, line 18
      def test_list_jobs_with_valid_task_type(self, client):
E       fixture 'client' not found
>       available fixtures: _class_scoped_runner, _env_setup, _function_scoped_runner, _module_scoped_runner, _package_scoped_runner, _session_faker, _session_scoped_runner, anomaly_sensor_stream, anyio_backend, anyio_backend_name, anyio_backend_options, benchmark, benchmark_gcode_tolerance, benchmark_weave, capfd, capfdbinary, caplog, capsys, capsysbinary, capteesys, class_mocker, cov, doctest_namespace, event_loop_policy, extra, extras, faker, free_tcp_port, free_tcp_port_factory, free_udp_port, free_udp_port_factory, high_precision_timer, include_metadata_in_junit_xml, it8_tolerance_data, machining_params_steel, machining_params_tc4, material_aluminum_6061, material_steel_45, material_tc4, metadata, mocker, module_mocker, monkeypatch, nc_validation_rules, no_cover, normal_sensor_stream, package_mocker, performance_timer, production_batch_100, pytestconfig, record_property, record_testsuite_property, record_xml_attribute, recwarn, respx_mock, risk_assessment_template, sample_circle, sample_gcode_fanuc, sample_gcode_heidenhain, sample_gcode_siemens, sample_polygon_square, sample_polygon_triangle, sample_process_card, session_mocker, standard_3view_images, subtests, temp_dir, test_report_collector, tmp_path, tmp_path_factory, tmpdir, tmpdir_factory, unused_tcp_port, unused_tcp_port_factory, unused_udp_port, unused_udp_port_factory
>       use 'pytest --fixtures [testpath]' for help on them.

C:\Users\Lenovo\Desktop\鐏靛鍒堕€狅紙涓婄嚎鐗堬級\python\tests\api\test_jobs.py:18
____ ERROR at setup of TestJobsList.test_list_jobs_with_invalid_task_type _____
file C:\Users\Lenovo\Desktop\鐏靛鍒堕€狅紙涓婄嚎鐗堬級\python\tests\api\test_jobs.py, line 24
      def test_list_jobs_with_invalid_task_type(self, client):
E       fixture 'client' not found
>       available fixtures: _class_scoped_runner, _env_setup, _function_scoped_runner, _module_scoped_runner, _package_scoped_runner, _session_faker, _session_scoped_runner, anomaly_sensor_stream, anyio_backend, anyio_backend_name, anyio_backend_options, benchmark, benchmark_gcode_tolerance, benchmark_weave, capfd, capfdbinary, caplog, capsys, capsysbinary, capteesys, class_mocker, cov, doctest_namespace, event_loop_policy, extra, extras, faker, free_tcp_port, free_tcp_port_factory, free_udp_port, free_udp_port_factory, high_precision_timer, include_metadata_in_junit_xml, it8_tolerance_data, machining_params_steel, machining_params_tc4, material_aluminum_6061, material_steel_45, material_tc4, metadata, mocker, module_mocker, monkeypatch, nc_validation_rules, no_cover, normal_sensor_stream, package_mocker, performance_timer, production_batch_100, pytestconfig, record_property, record_testsuite_property, record_xml_attribute, recwarn, respx_mock, risk_assessment_template, sample_circle, sample_gcode_fanuc, sample_gcode_heidenhain, sample_gcode_siemens, sample_polygon_square, sample_polygon_triangle, sample_process_card, session_mocker, standard_3view_images, subtests, temp_dir, test_report_collector, tmp_path, tmp_path_factory, tmpdir, tmpdir_factory, unused_tcp_port, unused_tcp_port_factory, unused_udp_port, unused_udp_port_factory
>       use 'pytest --fixtures [testpath]' for help on them.

C:\Users\Lenovo\Desktop\鐏靛鍒堕€狅紙涓婄嚎鐗堬級\python\tests\api\test_jobs.py:24
_______ ERROR at setup of TestJobsList.test_list_jobs_with_valid_status _______
file C:\Users\Lenovo\Desktop\鐏靛鍒堕€狅紙涓婄嚎鐗堬級\python\tests\api\test_jobs.py, line 30
      def test_list_jobs_with_valid_status(self, client):
E       fixture 'client' not found
>       available fixtures: _class_scoped_runner, _env_setup, _function_scoped_runner, _module_scoped_runner, _package_scoped_runner, _session_faker, _session_scoped_runner, anomaly_sensor_stream, anyio_backend, anyio_backend_name, anyio_backend_options, benchmark, benchmark_gcode_tolerance, benchmark_weave, capfd, capfdbinary, caplog, capsys, capsysbinary, capteesys, class_mocker, cov, doctest_namespace, event_loop_policy, extra, extras, faker, free_tcp_port, free_tcp_port_factory, free_udp_port, free_udp_port_factory, high_precision_timer, include_metadata_in_junit_xml, it8_tolerance_data, machining_params_steel, machining_params_tc4, material_aluminum_6061, material_steel_45, material_tc4, metadata, mocker, module_mocker, monkeypatch, nc_validation_rules, no_cover, normal_sensor_stream, package_mocker, performance_timer, production_batch_100, pytestconfig, record_property, record_testsuite_property, record_xml_attribute, recwarn, respx_mock, risk_assessment_template, sample_circle, sample_gcode_fanuc, sample_gcode_heidenhain, sample_gcode_siemens, sample_polygon_square, sample_polygon_triangle, sample_process_card, session_mocker, standard_3view_images, subtests, temp_dir, test_report_collector, tmp_path, tmp_path_factory, tmpdir, tmpdir_factory, unused_tcp_port, unused_tcp_port_factory, unused_udp_port, unused_udp_port_factory
>       use 'pytest --fixtures [testpath]' for help on them.

C:\Users\Lenovo\Desktop\鐏靛鍒堕€狅紙涓婄嚎鐗堬級\python\tests\api\test_jobs.py:30
______ ERROR at setup of TestJobsList.test_list_jobs_with_invalid_status ______
file C:\Users\Lenovo\Desktop\鐏靛鍒堕€狅紙涓婄嚎鐗堬級\python\tests\api\test_jobs.py, line 36
      def test_list_jobs_with_invalid_status(self, client):
E       fixture 'client' not found
>       available fixtures: _class_scoped_runner, _env_setup, _function_scoped_runner, _module_scoped_runner, _package_scoped_runner, _session_faker, _session_scoped_runner, anomaly_sensor_stream, anyio_backend, anyio_backend_name, anyio_backend_options, benchmark, benchmark_gcode_tolerance, benchmark_weave, capfd, capfdbinary, caplog, capsys, capsysbinary, capteesys, class_mocker, cov, doctest_namespace, event_loop_policy, extra, extras, faker, free_tcp_port, free_tcp_port_factory, free_udp_port, free_udp_port_factory, high_precision_timer, include_metadata_in_junit_xml, it8_tolerance_data, machining_params_steel, machining_params_tc4, material_aluminum_6061, material_steel_45, material_tc4, metadata, mocker, module_mocker, monkeypatch, nc_validation_rules, no_cover, normal_sensor_stream, package_mocker, performance_timer, production_batch_100, pytestconfig, record_property, record_testsuite_property, record_xml_attribute, recwarn, respx_mock, risk_assessment_template, sample_circle, sample_gcode_fanuc, sample_gcode_heidenhain, sample_gcode_siemens, sample_polygon_square, sample_polygon_triangle, sample_process_card, session_mocker, standard_3view_images, subtests, temp_dir, test_report_collector, tmp_path, tmp_path_factory, tmpdir, tmpdir_factory, unused_tcp_port, unused_tcp_port_factory, unused_udp_port, unused_udp_port_factory
>       use 'pytest --fixtures [testpath]' for help on them.

C:\Users\Lenovo\Desktop\鐏靛鍒堕€狅紙涓婄嚎鐗堬級\python\tests\api\test_jobs.py:36
________ ERROR at setup of TestJobsList.test_list_jobs_respects_limit _________
file C:\Users\Lenovo\Desktop\鐏靛鍒堕€狅紙涓婄嚎鐗堬級\python\tests\api\test_jobs.py, line 42
      def test_list_jobs_respects_limit(self, client):
E       fixture 'client' not found
>       available fixtures: _class_scoped_runner, _env_setup, _function_scoped_runner, _module_scoped_runner, _package_scoped_runner, _session_faker, _session_scoped_runner, anomaly_sensor_stream, anyio_backend, anyio_backend_name, anyio_backend_options, benchmark, benchmark_gcode_tolerance, benchmark_weave, capfd, capfdbinary, caplog, capsys, capsysbinary, capteesys, class_mocker, cov, doctest_namespace, event_loop_policy, extra, extras, faker, free_tcp_port, free_tcp_port_factory, free_udp_port, free_udp_port_factory, high_precision_timer, include_metadata_in_junit_xml, it8_tolerance_data, machining_params_steel, machining_params_tc4, material_aluminum_6061, material_steel_45, material_tc4, metadata, mocker, module_mocker, monkeypatch, nc_validation_rules, no_cover, normal_sensor_stream, package_mocker, performance_timer, production_batch_100, pytestconfig, record_property, record_testsuite_property, record_xml_attribute, recwarn, respx_mock, risk_assessment_template, sample_circle, sample_gcode_fanuc, sample_gcode_heidenhain, sample_gcode_siemens, sample_polygon_square, sample_polygon_triangle, sample_process_card, session_mocker, standard_3view_images, subtests, temp_dir, test_report_collector, tmp_path, tmp_path_factory, tmpdir, tmpdir_factory, unused_tcp_port, unused_tcp_port_factory, unused_udp_port, unused_udp_port_factory
>       use 'pytest --fixtures [testpath]' for help on them.

C:\Users\Lenovo\Desktop\鐏靛鍒堕€狅紙涓婄嚎鐗堬級\python\tests\api\test_jobs.py:42
______ ERROR at setup of TestJobsList.test_list_jobs_rejects_zero_limit _______
file C:\Users\Lenovo\Desktop\鐏靛鍒堕€狅紙涓婄嚎鐗堬級\python\tests\api\test_jobs.py, line 48
      def test_list_jobs_rejects_zero_limit(self, client):
E       fixture 'client' not found
>       available fixtures: _class_scoped_runner, _env_setup, _function_scoped_runner, _module_scoped_runner, _package_scoped_runner, _session_faker, _session_scoped_runner, anomaly_sensor_stream, anyio_backend, anyio_backend_name, anyio_backend_options, benchmark, benchmark_gcode_tolerance, benchmark_weave, capfd, capfdbinary, caplog, capsys, capsysbinary, capteesys, class_mocker, cov, doctest_namespace, event_loop_policy, extra, extras, faker, free_tcp_port, free_tcp_port_factory, free_udp_port, free_udp_port_factory, high_precision_timer, include_metadata_in_junit_xml, it8_tolerance_data, machining_params_steel, machining_params_tc4, material_aluminum_6061, material_steel_45, material_tc4, metadata, mocker, module_mocker, monkeypatch, nc_validation_rules, no_cover, normal_sensor_stream, package_mocker, performance_timer, production_batch_100, pytestconfig, record_property, record_testsuite_property, record_xml_attribute, recwarn, respx_mock, risk_assessment_template, sample_circle, sample_gcode_fanuc, sample_gcode_heidenhain, sample_gcode_siemens, sample_polygon_square, sample_polygon_triangle, sample_process_card, session_mocker, standard_3view_images, subtests, temp_dir, test_report_collector, tmp_path, tmp_path_factory, tmpdir, tmpdir_factory, unused_tcp_port, unused_tcp_port_factory, unused_udp_port, unused_udp_port_factory
>       use 'pytest --fixtures [testpath]' for help on them.

C:\Users\Lenovo\Desktop\鐏靛鍒堕€狅紙涓婄嚎鐗堬級\python\tests\api\test_jobs.py:48
____ ERROR at setup of TestJobsList.test_list_jobs_rejects_negative_offset ____
file C:\Users\Lenovo\Desktop\鐏靛鍒堕€狅紙涓婄嚎鐗堬級\python\tests\api\test_jobs.py, line 52
      def test_list_jobs_rejects_negative_offset(self, client):
E       fixture 'client' not found
>       available fixtures: _class_scoped_runner, _env_setup, _function_scoped_runner, _module_scoped_runner, _package_scoped_runner, _session_faker, _session_scoped_runner, anomaly_sensor_stream, anyio_backend, anyio_backend_name, anyio_backend_options, benchmark, benchmark_gcode_tolerance, benchmark_weave, capfd, capfdbinary, caplog, capsys, capsysbinary, capteesys, class_mocker, cov, doctest_namespace, event_loop_policy, extra, extras, faker, free_tcp_port, free_tcp_port_factory, free_udp_port, free_udp_port_factory, high_precision_timer, include_metadata_in_junit_xml, it8_tolerance_data, machining_params_steel, machining_params_tc4, material_aluminum_6061, material_steel_45, material_tc4, metadata, mocker, module_mocker, monkeypatch, nc_validation_rules, no_cover, normal_sensor_stream, package_mocker, performance_timer, production_batch_100, pytestconfig, record_property, record_testsuite_property, record_xml_attribute, recwarn, respx_mock, risk_assessment_template, sample_circle, sample_gcode_fanuc, sample_gcode_heidenhain, sample_gcode_siemens, sample_polygon_square, sample_polygon_triangle, sample_process_card, session_mocker, standard_3view_images, subtests, temp_dir, test_report_collector, tmp_path, tmp_path_factory, tmpdir, tmpdir_factory, unused_tcp_port, unused_tcp_port_factory, unused_udp_port, unused_udp_port_factory
>       use 'pytest --fixtures [testpath]' for help on them.

C:\Users\Lenovo\Desktop\鐏靛鍒堕€狅紙涓婄嚎鐗堬級\python\tests\api\test_jobs.py:52
___ ERROR at setup of TestGetJob.test_get_nonexistent_job_returns_not_found ___
file C:\Users\Lenovo\Desktop\鐏靛鍒堕€狅紙涓婄嚎鐗堬級\python\tests\api\test_jobs.py, line 60
      def test_get_nonexistent_job_returns_not_found(self, client):
E       fixture 'client' not found
>       available fixtures: _class_scoped_runner, _env_setup, _function_scoped_runner, _module_scoped_runner, _package_scoped_runner, _session_faker, _session_scoped_runner, anomaly_sensor_stream, anyio_backend, anyio_backend_name, anyio_backend_options, benchmark, benchmark_gcode_tolerance, benchmark_weave, capfd, capfdbinary, caplog, capsys, capsysbinary, capteesys, class_mocker, cov, doctest_namespace, event_loop_policy, extra, extras, faker, free_tcp_port, free_tcp_port_factory, free_udp_port, free_udp_port_factory, high_precision_timer, include_metadata_in_junit_xml, it8_tolerance_data, machining_params_steel, machining_params_tc4, material_aluminum_6061, material_steel_45, material_tc4, metadata, mocker, module_mocker, monkeypatch, nc_validation_rules, no_cover, normal_sensor_stream, package_mocker, performance_timer, production_batch_100, pytestconfig, record_property, record_testsuite_property, record_xml_attribute, recwarn, respx_mock, risk_assessment_template, sample_circle, sample_gcode_fanuc, sample_gcode_heidenhain, sample_gcode_siemens, sample_polygon_square, sample_polygon_triangle, sample_process_card, session_mocker, standard_3view_images, subtests, temp_dir, test_report_collector, tmp_path, tmp_path_factory, tmpdir, tmpdir_factory, unused_tcp_port, unused_tcp_port_factory, unused_udp_port, unused_udp_port_factory
>       use 'pytest --fixtures [testpath]' for help on them.

C:\Users\Lenovo\Desktop\鐏靛鍒堕€狅紙涓婄嚎鐗堬級\python\tests\api\test_jobs.py:60
__ ERROR at setup of TestCancelJob.test_cancel_nonexistent_job_returns_error __
file C:\Users\Lenovo\Desktop\鐏靛鍒堕€狅紙涓婄嚎鐗堬級\python\tests\api\test_jobs.py, line 70
      def test_cancel_nonexistent_job_returns_error(self, client):
E       fixture 'client' not found
>       available fixtures: _class_scoped_runner, _env_setup, _function_scoped_runner, _module_scoped_runner, _package_scoped_runner, _session_faker, _session_scoped_runner, anomaly_sensor_stream, anyio_backend, anyio_backend_name, anyio_backend_options, benchmark, benchmark_gcode_tolerance, benchmark_weave, capfd, capfdbinary, caplog, capsys, capsysbinary, capteesys, class_mocker, cov, doctest_namespace, event_loop_policy, extra, extras, faker, free_tcp_port, free_tcp_port_factory, free_udp_port, free_udp_port_factory, high_precision_timer, include_metadata_in_junit_xml, it8_tolerance_data, machining_params_steel, machining_params_tc4, material_aluminum_6061, material_steel_45, material_tc4, metadata, mocker, module_mocker, monkeypatch, nc_validation_rules, no_cover, normal_sensor_stream, package_mocker, performance_timer, production_batch_100, pytestconfig, record_property, record_testsuite_property, record_xml_attribute, recwarn, respx_mock, risk_assessment_template, sample_circle, sample_gcode_fanuc, sample_gcode_heidenhain, sample_gcode_siemens, sample_polygon_square, sample_polygon_triangle, sample_process_card, session_mocker, standard_3view_images, subtests, temp_dir, test_report_collector, tmp_path, tmp_path_factory, tmpdir, tmpdir_factory, unused_tcp_port, unused_tcp_port_factory, unused_udp_port, unused_udp_port_factory
>       use 'pytest --fixtures [testpath]' for help on them.

C:\Users\Lenovo\Desktop\鐏靛鍒堕€狅紙涓婄嚎鐗堬級\python\tests\api\test_jobs.py:70
__ ERROR at setup of TestDeleteJob.test_delete_nonexistent_job_returns_error __
file C:\Users\Lenovo\Desktop\鐏靛鍒堕€狅紙涓婄嚎鐗堬級\python\tests\api\test_jobs.py, line 80
      def test_delete_nonexistent_job_returns_error(self, client):
E       fixture 'client' not found
>       available fixtures: _class_scoped_runner, _env_setup, _function_scoped_runner, _module_scoped_runner, _package_scoped_runner, _session_faker, _session_scoped_runner, anomaly_sensor_stream, anyio_backend, anyio_backend_name, anyio_backend_options, benchmark, benchmark_gcode_tolerance, benchmark_weave, capfd, capfdbinary, caplog, capsys, capsysbinary, capteesys, class_mocker, cov, doctest_namespace, event_loop_policy, extra, extras, faker, free_tcp_port, free_tcp_port_factory, free_udp_port, free_udp_port_factory, high_precision_timer, include_metadata_in_junit_xml, it8_tolerance_data, machining_params_steel, machining_params_tc4, material_aluminum_6061, material_steel_45, material_tc4, metadata, mocker, module_mocker, monkeypatch, nc_validation_rules, no_cover, normal_sensor_stream, package_mocker, performance_timer, production_batch_100, pytestconfig, record_property, record_testsuite_property, record_xml_attribute, recwarn, respx_mock, risk_assessment_template, sample_circle, sample_gcode_fanuc, sample_gcode_heidenhain, sample_gcode_siemens, sample_polygon_square, sample_polygon_triangle, sample_process_card, session_mocker, standard_3view_images, subtests, temp_dir, test_report_collector, tmp_path, tmp_path_factory, tmpdir, tmpdir_factory, unused_tcp_port, unused_tcp_port_factory, unused_udp_port, unused_udp_port_factory
>       use 'pytest --fixtures [testpath]' for help on them.

C:\Users\Lenovo\Desktop\鐏靛鍒堕€狅紙涓婄嚎鐗堬級\python\tests\api\test_jobs.py:80
________ ERROR at setup of TestJobStats.test_get_stats_endpoint_exists ________
file C:\Users\Lenovo\Desktop\鐏靛鍒堕€狅紙涓婄嚎鐗堬級\python\tests\api\test_jobs.py, line 90
      def test_get_stats_endpoint_exists(self, client):
E       fixture 'client' not found
>       available fixtures: _class_scoped_runner, _env_setup, _function_scoped_runner, _module_scoped_runner, _package_scoped_runner, _session_faker, _session_scoped_runner, anomaly_sensor_stream, anyio_backend, anyio_backend_name, anyio_backend_options, benchmark, benchmark_gcode_tolerance, benchmark_weave, capfd, capfdbinary, caplog, capsys, capsysbinary, capteesys, class_mocker, cov, doctest_namespace, event_loop_policy, extra, extras, faker, free_tcp_port, free_tcp_port_factory, free_udp_port, free_udp_port_factory, high_precision_timer, include_metadata_in_junit_xml, it8_tolerance_data, machining_params_steel, machining_params_tc4, material_aluminum_6061, material_steel_45, material_tc4, metadata, mocker, module_mocker, monkeypatch, nc_validation_rules, no_cover, normal_sensor_stream, package_mocker, performance_timer, production_batch_100, pytestconfig, record_property, record_testsuite_property, record_xml_attribute, recwarn, respx_mock, risk_assessment_template, sample_circle, sample_gcode_fanuc, sample_gcode_heidenhain, sample_gcode_siemens, sample_polygon_square, sample_polygon_triangle, sample_process_card, session_mocker, standard_3view_images, subtests, temp_dir, test_report_collector, tmp_path, tmp_path_factory, tmpdir, tmpdir_factory, unused_tcp_port, unused_tcp_port_factory, unused_udp_port, unused_udp_port_factory
>       use 'pytest --fixtures [testpath]' for help on them.

C:\Users\Lenovo\Desktop\鐏靛鍒堕€狅紙涓婄嚎鐗堬級\python\tests\api\test_jobs.py:90
_ ERROR at setup of TestJobSSEStreaming.test_stream_nonexistent_job_returns_not_found _
file C:\Users\Lenovo\Desktop\鐏靛鍒堕€狅紙涓婄嚎鐗堬級\python\tests\api\test_jobs.py, line 100
      def test_stream_nonexistent_job_returns_not_found(self, client):
E       fixture 'client' not found
>       available fixtures: _class_scoped_runner, _env_setup, _function_scoped_runner, _module_scoped_runner, _package_scoped_runner, _session_faker, _session_scoped_runner, anomaly_sensor_stream, anyio_backend, anyio_backend_name, anyio_backend_options, benchmark, benchmark_gcode_tolerance, benchmark_weave, capfd, capfdbinary, caplog, capsys, capsysbinary, capteesys, class_mocker, cov, doctest_namespace, event_loop_policy, extra, extras, faker, free_tcp_port, free_tcp_port_factory, free_udp_port, free_udp_port_factory, high_precision_timer, include_metadata_in_junit_xml, it8_tolerance_data, machining_params_steel, machining_params_tc4, material_aluminum_6061, material_steel_45, material_tc4, metadata, mocker, module_mocker, monkeypatch, nc_validation_rules, no_cover, normal_sensor_stream, package_mocker, performance_timer, production_batch_100, pytestconfig, record_property, record_testsuite_property, record_xml_attribute, recwarn, respx_mock, risk_assessment_template, sample_circle, sample_gcode_fanuc, sample_gcode_heidenhain, sample_gcode_siemens, sample_polygon_square, sample_polygon_triangle, sample_process_card, session_mocker, standard_3view_images, subtests, temp_dir, test_report_collector, tmp_path, tmp_path_factory, tmpdir, tmpdir_factory, unused_tcp_port, unused_tcp_port_factory, unused_udp_port, unused_udp_port_factory
>       use 'pytest --fixtures [testpath]' for help on them.

C:\Users\Lenovo\Desktop\鐏靛鍒堕€狅紙涓婄嚎鐗堬級\python\tests\api\test_jobs.py:100
_ ERROR at setup of TestLNNPredict.test_predict_nonexistent_model_returns_not_found _
file C:\Users\Lenovo\Desktop\鐏靛鍒堕€狅紙涓婄嚎鐗堬級\python\tests\api\test_lnn.py, line 9
      def test_predict_nonexistent_model_returns_not_found(self, client):
E       fixture 'client' not found
>       available fixtures: _class_scoped_runner, _env_setup, _function_scoped_runner, _module_scoped_runner, _package_scoped_runner, _session_faker, _session_scoped_runner, anomaly_sensor_stream, anyio_backend, anyio_backend_name, anyio_backend_options, benchmark, benchmark_gcode_tolerance, benchmark_weave, capfd, capfdbinary, caplog, capsys, capsysbinary, capteesys, class_mocker, cov, doctest_namespace, event_loop_policy, extra, extras, faker, free_tcp_port, free_tcp_port_factory, free_udp_port, free_udp_port_factory, high_precision_timer, include_metadata_in_junit_xml, it8_tolerance_data, machining_params_steel, machining_params_tc4, material_aluminum_6061, material_steel_45, material_tc4, metadata, mocker, module_mocker, monkeypatch, nc_validation_rules, no_cover, normal_sensor_stream, package_mocker, performance_timer, production_batch_100, pytestconfig, record_property, record_testsuite_property, record_xml_attribute, recwarn, respx_mock, risk_assessment_template, sample_circle, sample_gcode_fanuc, sample_gcode_heidenhain, sample_gcode_siemens, sample_polygon_square, sample_polygon_triangle, sample_process_card, session_mocker, standard_3view_images, subtests, temp_dir, test_report_collector, tmp_path, tmp_path_factory, tmpdir, tmpdir_factory, unused_tcp_port, unused_tcp_port_factory, unused_udp_port, unused_udp_port_factory
>       use 'pytest --fixtures [testpath]' for help on them.

C:\Users\Lenovo\Desktop\鐏靛鍒堕€狅紙涓婄嚎鐗堬級\python\tests\api\test_lnn.py:9
___ ERROR at setup of TestLNNPredict.test_predict_empty_input_returns_error ___
file C:\Users\Lenovo\Desktop\鐏靛鍒堕€狅紙涓婄嚎鐗堬級\python\tests\api\test_lnn.py, line 16
      def test_predict_empty_input_returns_error(self, client):
E       fixture 'client' not found
>       available fixtures: _class_scoped_runner, _env_setup, _function_scoped_runner, _module_scoped_runner, _package_scoped_runner, _session_faker, _session_scoped_runner, anomaly_sensor_stream, anyio_backend, anyio_backend_name, anyio_backend_options, benchmark, benchmark_gcode_tolerance, benchmark_weave, capfd, capfdbinary, caplog, capsys, capsysbinary, capteesys, class_mocker, cov, doctest_namespace, event_loop_policy, extra, extras, faker, free_tcp_port, free_tcp_port_factory, free_udp_port, free_udp_port_factory, high_precision_timer, include_metadata_in_junit_xml, it8_tolerance_data, machining_params_steel, machining_params_tc4, material_aluminum_6061, material_steel_45, material_tc4, metadata, mocker, module_mocker, monkeypatch, nc_validation_rules, no_cover, normal_sensor_stream, package_mocker, performance_timer, production_batch_100, pytestconfig, record_property, record_testsuite_property, record_xml_attribute, recwarn, respx_mock, risk_assessment_template, sample_circle, sample_gcode_fanuc, sample_gcode_heidenhain, sample_gcode_siemens, sample_polygon_square, sample_polygon_triangle, sample_process_card, session_mocker, standard_3view_images, subtests, temp_dir, test_report_collector, tmp_path, tmp_path_factory, tmpdir, tmpdir_factory, unused_tcp_port, unused_tcp_port_factory, unused_udp_port, unused_udp_port_factory
>       use 'pytest --fixtures [testpath]' for help on them.

C:\Users\Lenovo\Desktop\鐏靛鍒堕€狅紙涓婄嚎鐗堬級\python\tests\api\test_lnn.py:16
_ ERROR at setup of TestLNNPredict.test_predict_non_numeric_input_returns_error _
file C:\Users\Lenovo\Desktop\鐏靛鍒堕€狅紙涓婄嚎鐗堬級\python\tests\api\test_lnn.py, line 23
      def test_predict_non_numeric_input_returns_error(self, client):
E       fixture 'client' not found
>       available fixtures: _class_scoped_runner, _env_setup, _function_scoped_runner, _module_scoped_runner, _package_scoped_runner, _session_faker, _session_scoped_runner, anomaly_sensor_stream, anyio_backend, anyio_backend_name, anyio_backend_options, benchmark, benchmark_gcode_tolerance, benchmark_weave, capfd, capfdbinary, caplog, capsys, capsysbinary, capteesys, class_mocker, cov, doctest_namespace, event_loop_policy, extra, extras, faker, free_tcp_port, free_tcp_port_factory, free_udp_port, free_udp_port_factory, high_precision_timer, include_metadata_in_junit_xml, it8_tolerance_data, machining_params_steel, machining_params_tc4, material_aluminum_6061, material_steel_45, material_tc4, metadata, mocker, module_mocker, monkeypatch, nc_validation_rules, no_cover, normal_sensor_stream, package_mocker, performance_timer, production_batch_100, pytestconfig, record_property, record_testsuite_property, record_xml_attribute, recwarn, respx_mock, risk_assessment_template, sample_circle, sample_gcode_fanuc, sample_gcode_heidenhain, sample_gcode_siemens, sample_polygon_square, sample_polygon_triangle, sample_process_card, session_mocker, standard_3view_images, subtests, temp_dir, test_report_collector, tmp_path, tmp_path_factory, tmpdir, tmpdir_factory, unused_tcp_port, unused_tcp_port_factory, unused_udp_port, unused_udp_port_factory
>       use 'pytest --fixtures [testpath]' for help on them.

C:\Users\Lenovo\Desktop\鐏靛鍒堕€狅紙涓婄嚎鐗堬級\python\tests\api\test_lnn.py:23
_ ERROR at setup of TestLNNPredict.test_predict_missing_model_name_returns_422 _
file C:\Users\Lenovo\Desktop\鐏靛鍒堕€狅紙涓婄嚎鐗堬級\python\tests\api\test_lnn.py, line 31
      def test_predict_missing_model_name_returns_422(self, client):
E       fixture 'client' not found
>       available fixtures: _class_scoped_runner, _env_setup, _function_scoped_runner, _module_scoped_runner, _package_scoped_runner, _session_faker, _session_scoped_runner, anomaly_sensor_stream, anyio_backend, anyio_backend_name, anyio_backend_options, benchmark, benchmark_gcode_tolerance, benchmark_weave, capfd, capfdbinary, caplog, capsys, capsysbinary, capteesys, class_mocker, cov, doctest_namespace, event_loop_policy, extra, extras, faker, free_tcp_port, free_tcp_port_factory, free_udp_port, free_udp_port_factory, high_precision_timer, include_metadata_in_junit_xml, it8_tolerance_data, machining_params_steel, machining_params_tc4, material_aluminum_6061, material_steel_45, material_tc4, metadata, mocker, module_mocker, monkeypatch, nc_validation_rules, no_cover, normal_sensor_stream, package_mocker, performance_timer, production_batch_100, pytestconfig, record_property, record_testsuite_property, record_xml_attribute, recwarn, respx_mock, risk_assessment_template, sample_circle, sample_gcode_fanuc, sample_gcode_heidenhain, sample_gcode_siemens, sample_polygon_square, sample_polygon_triangle, sample_process_card, session_mocker, standard_3view_images, subtests, temp_dir, test_report_collector, tmp_path, tmp_path_factory, tmpdir, tmpdir_factory, unused_tcp_port, unused_tcp_port_factory, unused_udp_port, unused_udp_port_factory
>       use 'pytest --fixtures [testpath]' for help on them.

C:\Users\Lenovo\Desktop\鐏靛鍒堕€狅紙涓婄嚎鐗堬級\python\tests\api\test_lnn.py:31
_ ERROR at setup of TestLNNPredict.test_predict_missing_input_data_returns_422 _
file C:\Users\Lenovo\Desktop\鐏靛鍒堕€狅紙涓婄嚎鐗堬級\python\tests\api\test_lnn.py, line 36
      def test_predict_missing_input_data_returns_422(self, client):
E       fixture 'client' not found
>       available fixtures: _class_scoped_runner, _env_setup, _function_scoped_runner, _module_scoped_runner, _package_scoped_runner, _session_faker, _session_scoped_runner, anomaly_sensor_stream, anyio_backend, anyio_backend_name, anyio_backend_options, benchmark, benchmark_gcode_tolerance, benchmark_weave, capfd, capfdbinary, caplog, capsys, capsysbinary, capteesys, class_mocker, cov, doctest_namespace, event_loop_policy, extra, extras, faker, free_tcp_port, free_tcp_port_factory, free_udp_port, free_udp_port_factory, high_precision_timer, include_metadata_in_junit_xml, it8_tolerance_data, machining_params_steel, machining_params_tc4, material_aluminum_6061, material_steel_45, material_tc4, metadata, mocker, module_mocker, monkeypatch, nc_validation_rules, no_cover, normal_sensor_stream, package_mocker, performance_timer, production_batch_100, pytestconfig, record_property, record_testsuite_property, record_xml_attribute, recwarn, respx_mock, risk_assessment_template, sample_circle, sample_gcode_fanuc, sample_gcode_heidenhain, sample_gcode_siemens, sample_polygon_square, sample_polygon_triangle, sample_process_card, session_mocker, standard_3view_images, subtests, temp_dir, test_report_collector, tmp_path, tmp_path_factory, tmpdir, tmpdir_factory, unused_tcp_port, unused_tcp_port_factory, unused_udp_port, unused_udp_port_factory
>       use 'pytest --fixtures [testpath]' for help on them.

C:\Users\Lenovo\Desktop\鐏靛鍒堕€狅紙涓婄嚎鐗堬級\python\tests\api\test_lnn.py:36
_________ ERROR at setup of TestLNNHealth.test_health_returns_success _________
file C:\Users\Lenovo\Desktop\鐏靛鍒堕€狅紙涓婄嚎鐗堬級\python\tests\api\test_lnn.py, line 45
      def test_health_returns_success(self, client):
E       fixture 'client' not found
>       available fixtures: _class_scoped_runner, _env_setup, _function_scoped_runner, _module_scoped_runner, _package_scoped_runner, _session_faker, _session_scoped_runner, anomaly_sensor_stream, anyio_backend, anyio_backend_name, anyio_backend_options, benchmark, benchmark_gcode_tolerance, benchmark_weave, capfd, capfdbinary, caplog, capsys, capsysbinary, capteesys, class_mocker, cov, doctest_namespace, event_loop_policy, extra, extras, faker, free_tcp_port, free_tcp_port_factory, free_udp_port, free_udp_port_factory, high_precision_timer, include_metadata_in_junit_xml, it8_tolerance_data, machining_params_steel, machining_params_tc4, material_aluminum_6061, material_steel_45, material_tc4, metadata, mocker, module_mocker, monkeypatch, nc_validation_rules, no_cover, normal_sensor_stream, package_mocker, performance_timer, production_batch_100, pytestconfig, record_property, record_testsuite_property, record_xml_attribute, recwarn, respx_mock, risk_assessment_template, sample_circle, sample_gcode_fanuc, sample_gcode_heidenhain, sample_gcode_siemens, sample_polygon_square, sample_polygon_triangle, sample_process_card, session_mocker, standard_3view_images, subtests, temp_dir, test_report_collector, tmp_path, tmp_path_factory, tmpdir, tmpdir_factory, unused_tcp_port, unused_tcp_port_factory, unused_udp_port, unused_udp_port_factory
>       use 'pytest --fixtures [testpath]' for help on them.

C:\Users\Lenovo\Desktop\鐏靛鍒堕€狅紙涓婄嚎鐗堬級\python\tests\api\test_lnn.py:45
______ ERROR at setup of TestLNNModels.test_list_models_returns_success _______
file C:\Users\Lenovo\Desktop\鐏靛鍒堕€狅紙涓婄嚎鐗堬級\python\tests\api\test_lnn.py, line 55
      def test_list_models_returns_success(self, client):
E       fixture 'client' not found
>       available fixtures: _class_scoped_runner, _env_setup, _function_scoped_runner, _module_scoped_runner, _package_scoped_runner, _session_faker, _session_scoped_runner, anomaly_sensor_stream, anyio_backend, anyio_backend_name, anyio_backend_options, benchmark, benchmark_gcode_tolerance, benchmark_weave, capfd, capfdbinary, caplog, capsys, capsysbinary, capteesys, class_mocker, cov, doctest_namespace, event_loop_policy, extra, extras, faker, free_tcp_port, free_tcp_port_factory, free_udp_port, free_udp_port_factory, high_precision_timer, include_metadata_in_junit_xml, it8_tolerance_data, machining_params_steel, machining_params_tc4, material_aluminum_6061, material_steel_45, material_tc4, metadata, mocker, module_mocker, monkeypatch, nc_validation_rules, no_cover, normal_sensor_stream, package_mocker, performance_timer, production_batch_100, pytestconfig, record_property, record_testsuite_property, record_xml_attribute, recwarn, respx_mock, risk_assessment_template, sample_circle, sample_gcode_fanuc, sample_gcode_heidenhain, sample_gcode_siemens, sample_polygon_square, sample_polygon_triangle, sample_process_card, session_mocker, standard_3view_images, subtests, temp_dir, test_report_collector, tmp_path, tmp_path_factory, tmpdir, tmpdir_factory, unused_tcp_port, unused_tcp_port_factory, unused_udp_port, unused_udp_port_factory
>       use 'pytest --fixtures [testpath]' for help on them.

C:\Users\Lenovo\Desktop\鐏靛鍒堕€狅紙涓婄嚎鐗堬級\python\tests\api\test_lnn.py:55
_______ ERROR at setup of TestLNNModels.test_models_response_has_total ________
file C:\Users\Lenovo\Desktop\鐏靛鍒堕€狅紙涓婄嚎鐗堬級\python\tests\api\test_lnn.py, line 62
      def test_models_response_has_total(self, client):
E       fixture 'client' not found
>       available fixtures: _class_scoped_runner, _env_setup, _function_scoped_runner, _module_scoped_runner, _package_scoped_runner, _session_faker, _session_scoped_runner, anomaly_sensor_stream, anyio_backend, anyio_backend_name, anyio_backend_options, benchmark, benchmark_gcode_tolerance, benchmark_weave, capfd, capfdbinary, caplog, capsys, capsysbinary, capteesys, class_mocker, cov, doctest_namespace, event_loop_policy, extra, extras, faker, free_tcp_port, free_tcp_port_factory, free_udp_port, free_udp_port_factory, high_precision_timer, include_metadata_in_junit_xml, it8_tolerance_data, machining_params_steel, machining_params_tc4, material_aluminum_6061, material_steel_45, material_tc4, metadata, mocker, module_mocker, monkeypatch, nc_validation_rules, no_cover, normal_sensor_stream, package_mocker, performance_timer, production_batch_100, pytestconfig, record_property, record_testsuite_property, record_xml_attribute, recwarn, respx_mock, risk_assessment_template, sample_circle, sample_gcode_fanuc, sample_gcode_heidenhain, sample_gcode_siemens, sample_polygon_square, sample_polygon_triangle, sample_process_card, session_mocker, standard_3view_images, subtests, temp_dir, test_report_collector, tmp_path, tmp_path_factory, tmpdir, tmpdir_factory, unused_tcp_port, unused_tcp_port_factory, unused_udp_port, unused_udp_port_factory
>       use 'pytest --fixtures [testpath]' for help on them.

C:\Users\Lenovo\Desktop\鐏靛鍒堕€狅紙涓婄嚎鐗堬級\python\tests\api\test_lnn.py:62
_ ERROR at setup of TestLNNModelInfo.test_info_nonexistent_model_returns_not_found _
file C:\Users\Lenovo\Desktop\鐏靛鍒堕€狅紙涓婄嚎鐗堬級\python\tests\api\test_lnn.py, line 71
      def test_info_nonexistent_model_returns_not_found(self, client):
E       fixture 'client' not found
[...]
ERROR tests\api\test_agent_gateway.py::TestAgentHealth::test_health_returns_healthy
ERROR tests\api\test_agent_gateway.py::TestAgentHealth::test_health_models_registered_is_non_negative
ERROR tests\api\test_agent_gateway.py::TestAgentModels::test_list_models_returns_success
ERROR tests\api\test_agent_gateway.py::TestAgentModels::test_list_models_total_matches
ERROR tests\api\test_agent_gateway.py::TestAgentModelInfo::test_nonexistent_model_returns_not_found
ERROR tests\api\test_agent_gateway.py::TestAgentPredict::test_predict_nonexistent_model_returns_not_found
ERROR tests\api\test_agent_gateway.py::TestAgentPredict::test_predict_empty_input_returns_error
ERROR tests\api\test_agent_gateway.py::TestAgentPredict::test_predict_non_numeric_input_returns_error
ERROR tests\api\test_agent_gateway.py::TestAgentPredict::test_predict_missing_field_returns_422
ERROR tests\api\test_agent_gateway.py::TestAgentTrain::test_train_missing_model_name_returns_422
ERROR tests\api\test_agent_gateway.py::TestAgentGetTrain::test_get_nonexistent_job_returns_not_found
ERROR tests\api\test_agent_gateway.py::TestAgentExecute::test_execute_missing_params_returns_422
ERROR tests\api\test_agent_gateway.py::TestAgentAudit::test_audit_log_returns_success
ERROR tests\api\test_agent_gateway.py::TestAgentTokens::test_list_tokens_returns_success
ERROR tests\api\test_agent_gateway.py::TestAgentTokens::test_create_token_missing_fields_returns_422
ERROR tests\api\test_agent_gateway.py::TestAgentTokens::test_delete_nonexistent_token_returns_error
ERROR tests\api\test_agent_gateway.py::TestAgentTokens::test_revoke_all_returns_success
ERROR tests\api\test_jobs.py::TestJobsList::test_list_jobs_returns_success
ERROR tests\api\test_jobs.py::TestJobsList::test_list_jobs_with_valid_task_type
ERROR tests\api\test_jobs.py::TestJobsList::test_list_jobs_with_invalid_task_type
ERROR tests\api\test_jobs.py::TestJobsList::test_list_jobs_with_valid_status
ERROR tests\api\test_jobs.py::TestJobsList::test_list_jobs_with_invalid_status
ERROR tests\api\test_jobs.py::TestJobsList::test_list_jobs_respects_limit
ERROR tests\api\test_jobs.py::TestJobsList::test_list_jobs_rejects_zero_limit
ERROR tests\api\test_jobs.py::TestJobsList::test_list_jobs_rejects_negative_offset
ERROR tests\api\test_jobs.py::TestGetJob::test_get_nonexistent_job_returns_not_found
ERROR tests\api\test_jobs.py::TestCancelJob::test_cancel_nonexistent_job_returns_error
ERROR tests\api\test_jobs.py::TestDeleteJob::test_delete_nonexistent_job_returns_error
ERROR tests\api\test_jobs.py::TestJobStats::test_get_stats_endpoint_exists
ERROR tests\api\test_jobs.py::TestJobSSEStreaming::test_stream_nonexistent_job_returns_not_found
ERROR tests\api\test_lnn.py::TestLNNPredict::test_predict_nonexistent_model_returns_not_found
ERROR tests\api\test_lnn.py::TestLNNPredict::test_predict_empty_input_returns_error
ERROR tests\api\test_lnn.py::TestLNNPredict::test_predict_non_numeric_input_returns_error
ERROR tests\api\test_lnn.py::TestLNNPredict::test_predict_missing_model_name_returns_422
ERROR tests\api\test_lnn.py::TestLNNPredict::test_predict_missing_input_data_returns_422
ERROR tests\api\test_lnn.py::TestLNNHealth::test_health_returns_success
ERROR tests\api\test_lnn.py::TestLNNModels::test_list_models_returns_success
ERROR tests\api\test_lnn.py::TestLNNModels::test_models_response_has_total
ERROR tests\api\test_lnn.py::TestLNNModelInfo::test_info_nonexistent_model_returns_not_found
ERROR tests\api\test_lnn.py::TestLNNCache::test_cache_stats_returns_success
ERROR tests\api\test_lnn.py::TestLNNCache::test_cache_clear_returns_success
ERROR tests\api\test_lnn.py::TestLNNTasks::test_get_tasks_returns_success
ERROR tests\api\test_lnn.py::TestLNNPerformance::test_performance_returns_success
ERROR tests\api\test_lnn.py::TestLNNDevice::test_device_info_returns_success
ERROR tests\api\test_lnn.py::TestLNNDevice::test_device_status_returns_success
ERROR tests\api\test_lnn.py::TestLNNDevice::test_device_clear_cache_endpoint_responds
ERROR tests\api\test_lnn.py::TestLNNValidate::test_validate_nonexistent_model_returns_error
ERROR tests\api\test_lnn.py::TestLNNBatchInference::test_batch_inference_missing_required_fields_returns_422
ERROR tests\api\test_lnn.py::TestLNNSecurityHeaders::test_lnn_endpoint_has_security_headers
ERROR tests\api\test_main_routes.py::TestHealthEndpoints::test_health_check_returns_healthy
ERROR tests\api\test_main_routes.py::TestHealthEndpoints::test_api_health_check_returns_ok
ERROR tests\api\test_main_routes.py::TestHealthEndpoints::test_ping_returns_true
ERROR tests\api\test_main_routes.py::TestHealthEndpoints::test_health_endpoint_has_security_headers
ERROR tests\api\test_main_routes.py::TestVersionEndpoint::test_version_returns_dict
ERROR tests\api\test_main_routes.py::TestVersionEndpoint::test_version_is_string
ERROR tests\api\test_main_routes.py::TestMetricsEndpoint::test_metrics_returns_text
ERROR tests\api\test_main_routes.py::TestMetricsEndpoint::test_metrics_content_is_non_empty
ERROR tests\api\test_main_routes.py::TestLogsEndpoints::test_logs_stats_returns_success
ERROR tests\api\test_main_routes.py::TestLogsEndpoints::test_logs_stats_has_data_key
ERROR tests\api\test_main_routes.py::TestLogsEndpoints::test_query_logs_valid_buffer_type[request]
ERROR tests\api\test_main_routes.py::TestLogsEndpoints::test_query_logs_valid_buffer_type[system_event]
ERROR tests\api\test_main_routes.py::TestLogsEndpoints::test_query_logs_invalid_buffer_type_returns_400
ERROR tests\api\test_main_routes.py::TestLogsEndpoints::test_query_logs_with_limit_and_offset
ERROR tests\api\test_main_routes.py::TestLogsEndpoints::test_query_logs_with_level_filter
ERROR tests\api\test_main_routes.py::TestAPIDocumentation::test_openapi_json_returns_valid_schema
ERROR tests\api\test_main_routes.py::TestAPIDocumentation::test_docs_page_accessible
ERROR tests\api\test_main_routes.py::TestAPIDocumentation::test_redoc_page_accessible
ERROR tests\api\test_ollama.py::TestOllamaStatus::test_status_endpoint_responds
ERROR tests\api\test_ollama.py::TestOllamaModels::test_models_endpoint_responds
ERROR tests\api\test_rag.py::TestRAGQuery::test_query_missing_required_param_returns_422
ERROR tests\api\test_rag.py::TestRAGStats::test_stats_endpoint_responds
ERROR tests\api\test_rag.py::TestRAGAdd::test_add_empty_document_returns_400
ERROR tests\api\test_rag.py::TestRAGAdd::test_add_missing_document
ERROR tests\api\test_rag.py::TestRAGDelete::test_delete_nonexistent_doc_returns_404
ERROR tests\api\test_rag.py::TestRAGList::test_list_endpoint_responds
ERROR tests\api\test_user_sovereignty.py::TestUserSovereigntyPredict::test_predict_nonexistent_model_returns_not_found
ERROR tests\api\test_user_sovereignty.py::TestUserSovereigntyPredict::test_predict_empty_input_returns_error
ERROR tests\api\test_user_sovereignty.py::TestUserSovereigntyPredict::test_predict_missing_fields_returns_422
ERROR tests\api\test_user_sovereignty.py::TestAuditLogRecord::test_record_with_valid_params
ERROR tests\api\test_user_sovereignty.py::TestAuditLogRecord::test_record_with_invalid_module_returns_error
ERROR tests\api\test_user_sovereignty.py::TestAuditLogRecord::test_record_with_invalid_decision_returns_error
ERROR tests\api\test_user_sovereignty.py::TestAuditLogRecord::test_record_with_invalid_status_returns_error
ERROR tests\api\test_user_sovereignty.py::TestAuditLogQuery::test_query_with_default_params_returns_success
ERROR tests\api\test_user_sovereignty.py::TestAuditLogQuery::test_query_with_limit
ERROR tests\api\test_user_sovereignty.py::TestAuditLogSearch::test_search_with_keyword_returns_success
ERROR tests\api\test_user_sovereignty.py::TestAuditLogExport::test_export_json_format
ERROR tests\api\test_user_sovereignty.py::TestAuditLogExport::test_export_csv_format
ERROR tests\api\test_user_sovereignty.py::TestAuditLogStatistics::test_statistics_returns_success
ERROR tests\api\test_user_sovereignty.py::TestAuditLogClear::test_clear_returns_success
ERROR tests\api\test_user_sovereignty.py::TestUserSovereigntySettings::test_get_settings_returns_success
ERROR tests\api\test_wear_prediction.py::TestWearPredict::test_predict_with_valid_params_responds
ERROR tests\api\test_wear_prediction.py::TestWearPredict::test_predict_with_invalid_type_params_returns_422[cutting_speed-invalid]
ERROR tests\api\test_wear_prediction.py::TestWearPredict::test_predict_with_invalid_type_params_returns_422[feed_rate-not-a-number]
ERROR tests\api\test_wear_prediction.py::TestWearPredict::test_predict_with_empty_body_responds
ERROR tests\api\test_wear_prediction.py::TestWearPredict::test_predict_with_different_materials
ERROR tests\api\test_wear_prediction.py::TestRemainingLife::test_remaining_life_valid_request
ERROR tests\api\test_wear_prediction.py::TestRemainingLife::test_remaining_life_high_wear
ERROR tests\api\test_wear_prediction.py::TestSuggest::test_suggest_valid_request
ERROR tests\api\test_wear_prediction.py::TestWearModels::test_list_models_returns_success
ERROR tests\api\test_wear_prediction.py::TestWearThreshold::test_threshold_with_valid_params
ERROR tests\api\test_wear_prediction.py::TestWearCalibrate::test_calibrate_with_valid_params
ERROR tests\ijepa_3d\test_3d_reconstruction_accuracy.py::Test3DReconstructionAccuracy::test_bbox_reconstruction_basic
ERROR tests\ijepa_3d\test_3d_reconstruction_accuracy.py::Test3DReconstructionAccuracy::test_bbox_per_part_type
ERROR tests\ijepa_3d\test_3d_reconstruction_accuracy.py::Test3DReconstructionAccuracy::test_output_shape_validation
ERROR tests\ijepa_3d\test_3d_reconstruction_accuracy.py::Test3DReconstructionAccuracy::test_inference_consistency
ERROR tests\ijepa_3d\test_3d_reconstruction_accuracy.py::Test3DReconstructionAccuracy::test_model_parameter_count
ERROR tests\ijepa_3d\test_3d_reconstruction_accuracy.py::Test3DReconstructionAccuracy::test_bbox_size_positivity
ERROR tests\ijepa_3d\test_feature_point_detection.py::TestFeaturePointDetection::test_keypoint_output_shape
ERROR tests\ijepa_3d\test_feature_point_detection.py::TestFeaturePointDetection::test_keypoint_detection_basic
ERROR tests\ijepa_3d\test_feature_point_detection.py::TestFeaturePointDetection::test_per_keypoint_accuracy
ERROR tests\ijepa_3d\test_feature_point_detection.py::TestFeaturePointDetection::test_keypoint_consistency
ERROR tests\ijepa_3d\test_feature_point_detection.py::TestFeaturePointDetection::test_keypoint_within_bbox
ERROR tests\ijepa_3d\test_feature_point_detection.py::TestFeaturePointDetection::test_topology_relations
ERROR tests\ijepa_3d\test_few_shot_learning.py::TestFewShotLearning::test_few_shot_finetune_10
ERROR tests\ijepa_3d\test_few_shot_learning.py::TestFewShotLearning::test_few_shot_finetune_25
ERROR tests\ijepa_3d\test_few_shot_learning.py::TestFewShotLearning::test_few_shot_finetune_50
ERROR tests\ijepa_3d\test_few_shot_learning.py::TestFewShotLearning::test_few_shot_comparison
ERROR tests\ijepa_3d\test_few_shot_learning.py::TestFewShotLearning::test_full_data_baseline
ERROR tests\ijepa_3d\test_few_shot_learning.py::TestFewShotLearning::test_cross_class_generalization
ERROR tests\ijepa_3d\test_occlusion_robustness.py::TestOcclusionRobustness::test_robustness_basic
ERROR tests\ijepa_3d\test_occlusion_robustness.py::TestOcclusionRobustness::test_varying_occlusion_levels
ERROR tests\ijepa_3d\test_occlusion_robustness.py::TestOcclusionRobustness::test_keypoint_under_occlusion
ERROR tests\test_attention_visualization.py::TestAttentionVisualization::test_cog2per_attention_exists
ERROR tests\test_attention_visualization.py::TestAttentionVisualization::test_per2exec_attention_exists
ERROR tests\test_attention_visualization.py::TestAttentionVisualization::test_exec2cog_attention_exists
ERROR tests\test_attention_visualization.py::TestAttentionVisualization::test_attention_concentration_above_threshold
ERROR tests\test_attention_visualization.py::TestAttentionVisualization::test_per2exec_temporal_attention_decay
ERROR tests\test_attention_visualization.py::TestAttentionVisualization::test_three_scenarios_all_pass
ERROR tests\test_attention_visualization.py::TestAttentionVisualization::test_attention_heatmap_save
ERROR tests\test_attention_visualization.py::TestAttentionVisualization::test_total_system_params_under_5m
ERROR tests\test_attention_visualization.py::TestAttentionVisualization::test_forward_pass_timing
ERROR tests\test_counterfactual_reasoning.py::TestCounterfactualReasoning::test_higher_spindle_speed_increases_temperature_risk
ERROR tests\test_counterfactual_reasoning.py::TestCounterfactualReasoning::test_deeper_cut_increases_risk
ERROR tests\test_counterfactual_reasoning.py::TestCounterfactualReasoning::test_coolant_reduces_risk
ERROR tests\test_counterfactual_reasoning.py::TestCounterfactualReasoning::test_finish_milling_better_quality_than_rough
ERROR tests\test_counterfactual_reasoning.py::TestCounterfactualReasoning::test_higher_feed_rate_increases_efficiency
ERROR tests\test_counterfactual_reasoning.py::TestCounterfactualReasoning::test_different_operations_produce_different_outcomes
ERROR tests\test_counterfactual_reasoning.py::TestCounterfactualReasoning::test_counterfactual_consistency_check
ERROR tests\test_fusion_ablation.py::TestFusionAblation::test_full_model_better_than_ablation_cp
ERROR tests\test_fusion_ablation.py::TestFusionAblation::test_full_model_better_than_ablation_pe
ERROR tests\test_fusion_ablation.py::TestFusionAblation::test_full_model_better_than_ablation_ec
ERROR tests\test_fusion_ablation.py::TestFusionAblation::test_all_ablations_cause_degradation
ERROR tests\test_fusion_ablation.py::TestFusionAblation::test_ablation_ec_sensitive_to_anomaly
ERROR tests\test_fusion_ablation.py::TestFusionAblation::test_feature_diversity_comparison
ERROR tests\test_fusion_ablation.py::TestFusionAblation::test_full_model_parameter_count
ERROR tests\test_fusion_ablation.py::TestFusionAblation::test_ablation_models_parameter_count
ERROR tests\test_fusion_quality.py::TestFusionQuality::test_regression_improvement
ERROR tests\test_fusion_quality.py::TestFusionQuality::test_classification_improvement
ERROR tests\test_fusion_quality.py::TestFusionQuality::test_statistical_significance
ERROR tests\test_fusion_quality.py::TestFusionQuality::test_perception_reweight_validity
ERROR tests\test_fusion_quality.py::TestFusionQuality::test_exec_state_range
ERROR tests\test_fusion_quality.py::TestFusionQuality::test_cognitive_adjustment_bounded
ERROR tests\test_fusion_quality.py::TestFusionQuality::test_critical_anomaly_larger_adjustment
ERROR tests\test_model_cache.py::TestModelCacheSingleton::test_singleton_instance
ERROR tests\test_model_cache.py::TestModelCacheSingleton::test_singleton_with_different_params
ERROR tests\test_model_cache.py::TestModelCacheSingleton::test_singleton_invalid_max_size
ERROR tests\test_model_cache.py::TestModelCacheSingleton::test_singleton_negative_max_size
ERROR tests\test_model_cache.py::TestModelCacheBasicOperations::test_put_and_get
ERROR tests\test_model_cache.py::TestModelCacheBasicOperations::test_get_nonexistent
ERROR tests\test_model_cache.py::TestModelCacheBasicOperations::test_remove_existing
ERROR tests\test_model_cache.py::TestModelCacheBasicOperations::test_remove_nonexistent
ERROR tests\test_model_cache.py::TestModelCacheBasicOperations::test_contains
ERROR tests\test_model_cache.py::TestModelCacheBasicOperations::test_size - A...
ERROR tests\test_model_cache.py::TestModelCacheBasicOperations::test_clear - ...
ERROR tests\test_model_cache.py::TestModelCacheLRU::test_lru_eviction - Attri...
ERROR tests\test_model_cache.py::TestModelCacheLRU::test_lru_access_updates_order
ERROR tests\test_model_cache.py::TestModelCacheLRU::test_lru_multiple_evictions
ERROR tests\test_model_cache.py::TestModelCacheStatistics::test_initial_stats
ERROR tests\test_model_cache.py::TestModelCacheStatistics::test_hit_and_miss_stats
ERROR tests\test_model_cache.py::TestModelCacheStatistics::test_cached_models_list
ERROR tests\test_model_cache.py::TestModelCacheStatistics::test_model_details
ERROR tests\test_model_cache.py::TestModelCacheStatistics::test_max_size_in_stats
ERROR tests\test_model_cache.py::TestModelCacheThreadSafety::test_concurrent_puts
ERROR tests\test_model_cache.py::TestModelCacheThreadSafety::test_concurrent_gets
ERROR tests\test_model_cache.py::TestModelCacheThreadSafety::test_concurrent_mixed_operations
ERROR tests\test_model_cache.py::TestModelCacheMemoryManagement::test_memory_tracking
ERROR tests\test_model_cache.py::TestModelCacheMemoryManagement::test_memory_after_eviction
ERROR tests\test_model_cache.py::TestModelCacheMemoryManagement::test_memory_after_clear
ERROR tests\test_model_cache.py::TestModelCacheEdgeCases::test_cache_size_one
ERROR tests\test_model_cache.py::TestModelCacheEdgeCases::test_update_existing_model
ERROR tests\test_model_cache.py::TestModelCacheEdgeCases::test_is_full - Attr...
ERROR tests\test_model_cache.py::TestModelCacheEdgeCases::test_stats_after_clear
ERROR tests\test_multi_step_planning.py::TestMultiStepPlanning::test_planning_completes
ERROR tests\test_multi_step_planning.py::TestMultiStepPlanning::test_action_sequence_validity
ERROR tests\test_multi_step_planning.py::TestMultiStepPlanning::test_expert_rule_rough_before_finish
ERROR tests\test_multi_step_planning.py::TestMultiStepPlanning::test_expert_rule_no_rough_after_finish
ERROR tests\test_multi_step_planning.py::TestMultiStepPlanning::test_expert_rule_drill_sequence
ERROR tests\test_multi_step_planning.py::TestMultiStepPlanning::test_planning_convergence
ERROR tests\test_multi_step_planning.py::TestMultiStepPlanning::test_reward_consistency
ERROR tests\test_multi_step_planning.py::TestMultiStepPlanning::test_risk_report_generation
ERROR tests\test_multi_step_planning.py::TestMultiStepPlanning::test_planning_time_measurement
ERROR tests\test_multi_step_planning.py::TestMultiStepPlanning::test_multiple_plans_consistency
ERROR tests\test_multi_step_planning.py::TestMultiStepPlanning::test_expert_rule_overall_consistency
ERROR tests\test_planning_efficiency.py::TestPlanningEfficiency::test_full_planning_under_5_seconds
ERROR tests\test_planning_efficiency.py::TestPlanningEfficiency::test_single_step_prediction_speed
ERROR tests\test_planning_efficiency.py::TestPlanningEfficiency::test_trajectory_prediction_speed
ERROR tests\test_planning_efficiency.py::TestPlanningEfficiency::test_planning_scales_reasonably
ERROR tests\test_planning_efficiency.py::TestPlanningEfficiency::test_multiple_plans_average_time
ERROR tests\test_planning_efficiency.py::TestPlanningEfficiency::test_counterfactual_comparison_speed
ERROR tests\test_planning_robustness.py::TestPlanningRobustness::test_planning_stability_under_noise
ERROR tests\test_planning_robustness.py::TestPlanningRobustness::test_reward_stability_under_noise
ERROR tests\test_planning_robustness.py::TestPlanningRobustness::test_multiple_noise_levels_stability
ERROR tests\test_planning_robustness.py::TestPlanningRobustness::test_single_step_prediction_stability
ERROR tests\test_planning_robustness.py::TestPlanningRobustness::test_risk_report_stability
ERROR tests\test_planning_robustness.py::TestPlanningRobustness::test_confidence_stability
ERROR tests\test_planning_robustness.py::TestPlanningRobustness::test_geometry_noise_robustness
ERROR tests\test_step_import_e2e.py::test_downstream_compatibility
ERROR tests\test_world_model_single_step.py::TestSingleStepPrediction::test_predictor_output_shape
ERROR tests\test_world_model_single_step.py::TestSingleStepPrediction::test_cosine_similarity_threshold
ERROR tests\test_world_model_single_step.py::TestSingleStepPrediction::test_multiple_operation_types
ERROR tests\test_world_model_single_step.py::TestSingleStepPrediction::test_confidence_output
ERROR tests\test_world_model_single_step.py::TestSingleStepPrediction::test_reward_estimates_range
ERROR tests\test_world_model_single_step.py::TestSingleStepPrediction::test_prediction_consistency
= 169 failed, 2547 passed, 20 skipped, 269 warnings, 213 errors in 1244.09s (0:20:44) =
