============================= test session starts =============================
platform win32 -- Python 3.13.9, pytest-8.4.2, pluggy-1.5.0
rootdir: C:\Users\Lenovo\Desktop\灵境制造（上线版）
configfile: pytest.ini
plugins: anyio-4.10.0, asyncio-1.4.0, cov-7.1.0, mock-3.15.1
asyncio: mode=Mode.STRICT, debug=False, asyncio_default_fixture_loop_scope=None, asyncio_default_test_loop_scope=function
collected 5472 items / 5 skipped

engineering\python\tests\api\test_agent_gateway.py EEEEEEEEEEEEEEEEE     [  0%]
engineering\python\tests\api\test_auth_endpoints.py EEEEEEEEEEEEEFEFEEE  [  0%]
engineering\python\tests\api\test_auth_register.py EEEEEEEEE             [  0%]
engineering\python\tests\api\test_jobs.py EEEEEEEEEEEEE                  [  1%]
engineering\python\tests\api\test_lnn.py EEEEEEEEEEEEEEEEEEE             [  1%]
engineering\python\tests\api\test_main_routes.py EEEEEEEEEEEEEEEEEE      [  1%]
engineering\python\tests\api\test_ollama.py EE                           [  1%]
engineering\python\tests\api\test_rag.py EEEEEE                          [  1%]
engineering\python\tests\api\test_user_sovereignty.py EEEEEEEEEEEEEEE    [  2%]
engineering\python\tests\api\test_wear_prediction.py EEEEEEEEEEE         [  2%]
engineering\python\tests\e2e\test_sidecar_real_e2e.py EEEEE              [  2%]
engineering\python\tests\image_to_3d\test_geometry_loss.py sss           [  2%]
engineering\python\tests\image_to_3d\test_part_prior.py sss              [  2%]
engineering\python\tests\integration\test_dataset_snapshot.py EEEEEEEEEE [  2%]
EEEEEEEEEEEEEEEEEEEEEEEEEE....                                           [  3%]
engineering\python\tests\integration\test_e2e_latency.py Fs.....ss..     [  3%]
engineering\python\tests\integration\test_fault_recovery.py ........sss  [  3%]
engineering\python\tests\integration\test_machining_workflow.py ........ [  3%]
.....                                                                    [  3%]
engineering\python\tests\integration\test_phase0_8_closed_loop.py EEEEEE [  4%]
EE.......EEEE                                                            [  4%]
engineering\python\tests\integration\test_resource_usage.py ........     [  4%]
engineering\python\tests\integration\test_scenario1_3view_to_nc.py s.s.. [  4%]
ss.s....ss......                                                         [  4%]
engineering\python\tests\integration\test_scenario2_realtime_monitoring.py . [  4%]
.....s.s..........                                                       [  5%]
engineering\python\tests\integration\test_scenario3_process_consultation.py s [  5%]
s.........s..s..                                                         [  5%]
engineering\python\tests\integration\test_success_rate.py ...........    [  5%]
engineering\python\tests\integration\test_unified_embedding.py ........  [  5%]
engineering\python\tests\integration\test_workflow_dag.py EEEEEEE        [  5%]
engineering\python\tests\lnn\test_lnn_inference.py ....FFFFFFFFFFF.FFFF. [  6%]
...................s...FFFFFFFF..............FFFF.FFF..                  [  7%]
engineering\python\tests\lnn\test_streaming.py ......................... [  7%]
.................................                                        [  8%]
engineering\python\tests\performance\test_critical_modules_performance.py . [  8%]
F.F..F....                                                               [  8%]
engineering\python\tests\performance\test_dry_run_performance.py ....... [  8%]
.                                                                        [  8%]
engineering\python\tests\plugins\world_model\test_dynamics_state_bridge.py . [  8%]
..............................                                           [  9%]
engineering\python\tests\plugins\world_model\test_fusion_integration.py . [  9%]
sssss                                                                    [  9%]
engineering\python\tests\plugins\world_model\test_fusion_trainer.py .... [  9%]
.sssssssssss                                                             [  9%]
engineering\python\tests\plugins\world_model\test_geometry_features_deriver.py . [  9%]
..................................................................       [ 10%]
engineering\python\tests\plugins\world_model\test_plugin_weights_resolution.py . [ 10%]
...s                                                                     [ 11%]
engineering\python\tests\plugins\world_model\test_unified_state.py ..sss [ 11%]
                                                                         [ 11%]
engineering\python\tests\plugins\world_model\test_unified_state_assembler.py . [ 11%]
................s                                                        [ 11%]
engineering\python\tests\plugins\world_model\test_weights_resolver.py .. [ 11%]
..........                                                               [ 11%]
engineering\python\tests\process_understanding\test_knowledge_retrieval.py E [ 11%]
EEE.......                                                               [ 11%]
engineering\python\tests\process_understanding\test_llm_consistency.py . [ 11%]
.......                                                                  [ 12%]
engineering\python\tests\process_understanding\test_llm_response_time.py . [ 12%]
.....F...                                                                [ 12%]
engineering\python\tests\process_understanding\test_solution_quality.py . [ 12%]
...........                                                              [ 12%]
engineering\python\tests\process_understanding\test_task_classification.py . [ 12%]
.........                                                                [ 12%]
engineering\python\tests\regression\test_gcode_baseline.py ............. [ 12%]
...                                                                      [ 12%]
engineering\python\tests\rules\test_rule_audit_logging.py .........      [ 13%]
engineering\python\tests\rules\test_rule_boundary_conditions.py ........ [ 13%]
..............                                                           [ 13%]
engineering\python\tests\rules\test_rule_conflict_detection.py .....     [ 13%]
engineering\python\tests\rules\test_rule_coverage.py ssssssssss          [ 13%]
engineering\python\tests\rules\test_rule_response_time.py .sss           [ 13%]
engineering\python\tests\rules\test_safety_expression_evaluator.py ..... [ 13%]
........................................................................ [ 15%]
...............................................                          [ 16%]
engineering\python\tests\security\test_path_traversal.py ..............s [ 16%]
......                                                                   [ 16%]
engineering\python\tests\security\test_permissions.py .................. [ 16%]
...................E                                                     [ 17%]
engineering\python\tests\security\test_rate_limiting.py FFFFFF.F         [ 17%]
engineering\python\tests\security\test_token_expiration.py ............. [ 17%]
........                                                                 [ 17%]
engineering\python\tests\simulation\test_module_import.py s....FFF...    [ 17%]
engineering\python\tests\simulation\test_rust_engine.py ................ [ 18%]
......................                                                   [ 18%]
engineering\python\tests\simulation\test_voxel_benchmark.py ..s...       [ 18%]
engineering\python\tests\test_agent_persistence.py ..................... [ 19%]
..EEEEEEEEEEEEEEEEEEEEEEEEE                                              [ 19%]
engineering\python\tests\test_async_task_system.py ....EEEEEEEEEEEEEEEEE [ 19%]
EEE...E                                                                  [ 20%]
engineering\python\tests\test_atomic_checkout.py .F..........F..F..FF... [ 20%]
